2018-03-21 16:09:31 [127.0.0.1][-][-][error][yii\web\HttpException:404] exception 'yii\base\InvalidRouteException' with message 'Unable to resolve the request "".' in E:\project\blog\vendor\yiisoft\yii2\base\Module.php:537
Stack trace:
#0 E:\project\blog\vendor\yiisoft\yii2\web\Application.php(103): yii\base\Module->runAction('', Array)
#1 E:\project\blog\vendor\yiisoft\yii2\base\Application.php(387): yii\web\Application->handleRequest(Object(yii\web\Request))
#2 E:\project\blog\entrance\www\index.php(14): yii\base\Application->run()
#3 {main}

Next exception 'yii\web\NotFoundHttpException' with message 'Page not found.' in E:\project\blog\vendor\yiisoft\yii2\web\Application.php:115
Stack trace:
#0 E:\project\blog\vendor\yiisoft\yii2\base\Application.php(387): yii\web\Application->handleRequest(Object(yii\web\Request))
#1 E:\project\blog\entrance\www\index.php(14): yii\base\Application->run()
#2 {main}
2018-03-21 16:09:31 [127.0.0.1][-][-][info][application] $_SERVER = [
    'ALLUSERSPROFILE' => 'C:\\ProgramData'
    'APPDATA' => 'C:\\Users\\086\\AppData\\Roaming'
    'AWE_DIR' => 'E:\\software\\Awesomiun\\1.6.6\\'
    'CLASSPATH' => '.;C:\\Program Files\\Java\\jdk1.7.0_51\\lib\\dt.jar;C:\\Program Files\\Java\\jdk1.7.0_51\\lib\\tools.jar'
    'CommonProgramFiles' => 'C:\\Program Files\\Common Files'
    'CommonProgramFiles(x86)' => 'C:\\Program Files (x86)\\Common Files'
    'CommonProgramW6432' => 'C:\\Program Files\\Common Files'
    'COMPUTERNAME' => '053-PC'
    'ComSpec' => 'C:\\WINDOWS\\system32\\cmd.exe'
    'FPS_BROWSER_APP_PROFILE_STRING' => 'Internet Explorer'
    'FPS_BROWSER_USER_PROFILE_STRING' => 'Default'
    'HOMEDRIVE' => 'C:'
    'HOMEPATH' => '\\Users\\086'
    'JAVA_HOME' => 'C:\\Program Files\\Java\\jdk1.7.0_51'
    'LOCALAPPDATA' => 'C:\\Users\\086\\AppData\\Local'
    'LOGONSERVER' => '\\\\053-PC'
    'NUMBER_OF_PROCESSORS' => '4'
    'OneDrive' => 'C:\\Users\\086\\OneDrive'
    'OS' => 'Windows_NT'
    'Path' => 'C:\\WINDOWS\\system32;C:\\WINDOWS;C:\\WINDOWS\\System32\\Wbem;C:\\WINDOWS\\System32\\WindowsPowerShell\\v1.0\\;E:\\software\\svn\\bin;E:\\software\\MySQL\\bin;E:\\wnmp\\php5.5.20;C:\\ProgramData\\ComposerSetup\\bin;D:\\software\\Git\\cmd;C:\\Program Files\\Java\\jdk1.7.0_51\\bin;;C:\\Users\\086\\AppData\\Local\\Microsoft\\WindowsApps;C:\\Users\\086\\AppData\\Roaming\\Composer\\vendor\\bin;E:\\software\\fiddler'
    'PATHEXT' => '.COM;.EXE;.BAT;.CMD;.VBS;.VBE;.JS;.JSE;.WSF;.WSH;.MSC'
    'PROCESSOR_ARCHITECTURE' => 'AMD64'
    'PROCESSOR_IDENTIFIER' => 'Intel64 Family 6 Model 60 Stepping 3, GenuineIntel'
    'PROCESSOR_LEVEL' => '6'
    'PROCESSOR_REVISION' => '3c03'
    'ProgramData' => 'C:\\ProgramData'
    'ProgramFiles' => 'C:\\Program Files'
    'ProgramFiles(x86)' => 'C:\\Program Files (x86)'
    'ProgramW6432' => 'C:\\Program Files'
    'PROMPT' => '$P$G'
    'PSModulePath' => 'C:\\Program Files\\WindowsPowerShell\\Modules;C:\\WINDOWS\\system32\\WindowsPowerShell\\v1.0\\Modules'
    'PUBLIC' => 'C:\\Users\\Public'
    'SESSIONNAME' => 'Console'
    'SystemDrive' => 'C:'
    'SystemRoot' => 'C:\\WINDOWS'
    'TEMP' => 'C:\\Users\\086\\AppData\\Local\\Temp'
    'TMP' => 'C:\\Users\\086\\AppData\\Local\\Temp'
    'USERDOMAIN' => '053-PC'
    'USERDOMAIN_ROAMINGPROFILE' => '053-PC'
    'USERNAME' => '086'
    'USERPROFILE' => 'C:\\Users\\086'
    'VBOX_MSI_INSTALL_PATH' => 'E:\\software\\VM\\'
    'windir' => 'C:\\WINDOWS'
    'HTTP_ACCEPT_LANGUAGE' => 'zh-CN,zh;q=0.9'
    'HTTP_ACCEPT_ENCODING' => 'gzip, deflate'
    'HTTP_ACCEPT' => 'text/html,application/xhtml+xml,application/xml;q=0.9,image/webp,image/apng,*/*;q=0.8'
    'HTTP_USER_AGENT' => 'Mozilla/5.0 (Windows NT 10.0; Win64; x64) AppleWebKit/537.36 (KHTML, like Gecko) Chrome/65.0.3325.162 Safari/537.36'
    'HTTP_UPGRADE_INSECURE_REQUESTS' => '1'
    'HTTP_CACHE_CONTROL' => 'no-cache'
    'HTTP_PRAGMA' => 'no-cache'
    'HTTP_CONNECTION' => 'keep-alive'
    'HTTP_HOST' => 'www.blog.com'
    'REDIRECT_STATUS' => '200'
    'SERVER_NAME' => 'www.blog.com'
    'SERVER_PORT' => '80'
    'SERVER_ADDR' => '127.0.0.1'
    'REMOTE_PORT' => '55027'
    'REMOTE_ADDR' => '127.0.0.1'
    'SERVER_SOFTWARE' => 'nginx/1.7.9'
    'GATEWAY_INTERFACE' => 'CGI/1.1'
    'SERVER_PROTOCOL' => 'HTTP/1.1'
    'DOCUMENT_ROOT' => 'E:\\project\\blog\\entrance\\www'
    'DOCUMENT_URI' => '/index.php'
    'REQUEST_URI' => '/'
    'SCRIPT_NAME' => '/index.php'
    'CONTENT_LENGTH' => ''
    'CONTENT_TYPE' => ''
    'REQUEST_METHOD' => 'GET'
    'QUERY_STRING' => ''
    'SCRIPT_FILENAME' => 'E:\\project\\blog\\entrance\\www/index.php'
    'FCGI_ROLE' => 'RESPONDER'
    'PHP_SELF' => '/index.php'
    'REQUEST_TIME_FLOAT' => 1521619771.1389
    'REQUEST_TIME' => 1521619771
]
2018-03-21 16:10:00 [127.0.0.1][-][-][error][yii\web\HttpException:404] exception 'yii\base\InvalidRouteException' with message 'Unable to resolve the request "".' in E:\project\blog\vendor\yiisoft\yii2\base\Module.php:537
Stack trace:
#0 E:\project\blog\vendor\yiisoft\yii2\web\Application.php(103): yii\base\Module->runAction('', Array)
#1 E:\project\blog\vendor\yiisoft\yii2\base\Application.php(386): yii\web\Application->handleRequest(Object(yii\web\Request))
#2 E:\project\blog\entrance\www\index.php(14): yii\base\Application->run()
#3 {main}

Next exception 'yii\web\NotFoundHttpException' with message 'Page not found.' in E:\project\blog\vendor\yiisoft\yii2\web\Application.php:115
Stack trace:
#0 E:\project\blog\vendor\yiisoft\yii2\base\Application.php(386): yii\web\Application->handleRequest(Object(yii\web\Request))
#1 E:\project\blog\entrance\www\index.php(14): yii\base\Application->run()
#2 {main}
2018-03-21 16:10:00 [127.0.0.1][-][-][info][application] $_SERVER = [
    'ALLUSERSPROFILE' => 'C:\\ProgramData'
    'APPDATA' => 'C:\\Users\\086\\AppData\\Roaming'
    'AWE_DIR' => 'E:\\software\\Awesomiun\\1.6.6\\'
    'CLASSPATH' => '.;C:\\Program Files\\Java\\jdk1.7.0_51\\lib\\dt.jar;C:\\Program Files\\Java\\jdk1.7.0_51\\lib\\tools.jar'
    'CommonProgramFiles' => 'C:\\Program Files\\Common Files'
    'CommonProgramFiles(x86)' => 'C:\\Program Files (x86)\\Common Files'
    'CommonProgramW6432' => 'C:\\Program Files\\Common Files'
    'COMPUTERNAME' => '053-PC'
    'ComSpec' => 'C:\\WINDOWS\\system32\\cmd.exe'
    'FPS_BROWSER_APP_PROFILE_STRING' => 'Internet Explorer'
    'FPS_BROWSER_USER_PROFILE_STRING' => 'Default'
    'HOMEDRIVE' => 'C:'
    'HOMEPATH' => '\\Users\\086'
    'JAVA_HOME' => 'C:\\Program Files\\Java\\jdk1.7.0_51'
    'LOCALAPPDATA' => 'C:\\Users\\086\\AppData\\Local'
    'LOGONSERVER' => '\\\\053-PC'
    'NUMBER_OF_PROCESSORS' => '4'
    'OneDrive' => 'C:\\Users\\086\\OneDrive'
    'OS' => 'Windows_NT'
    'Path' => 'C:\\WINDOWS\\system32;C:\\WINDOWS;C:\\WINDOWS\\System32\\Wbem;C:\\WINDOWS\\System32\\WindowsPowerShell\\v1.0\\;E:\\software\\svn\\bin;E:\\software\\MySQL\\bin;E:\\wnmp\\php5.5.20;C:\\ProgramData\\ComposerSetup\\bin;D:\\software\\Git\\cmd;C:\\Program Files\\Java\\jdk1.7.0_51\\bin;;C:\\Users\\086\\AppData\\Local\\Microsoft\\WindowsApps;C:\\Users\\086\\AppData\\Roaming\\Composer\\vendor\\bin;E:\\software\\fiddler'
    'PATHEXT' => '.COM;.EXE;.BAT;.CMD;.VBS;.VBE;.JS;.JSE;.WSF;.WSH;.MSC'
    'PROCESSOR_ARCHITECTURE' => 'AMD64'
    'PROCESSOR_IDENTIFIER' => 'Intel64 Family 6 Model 60 Stepping 3, GenuineIntel'
    'PROCESSOR_LEVEL' => '6'
    'PROCESSOR_REVISION' => '3c03'
    'ProgramData' => 'C:\\ProgramData'
    'ProgramFiles' => 'C:\\Program Files'
    'ProgramFiles(x86)' => 'C:\\Program Files (x86)'
    'ProgramW6432' => 'C:\\Program Files'
    'PROMPT' => '$P$G'
    'PSModulePath' => 'C:\\Program Files\\WindowsPowerShell\\Modules;C:\\WINDOWS\\system32\\WindowsPowerShell\\v1.0\\Modules'
    'PUBLIC' => 'C:\\Users\\Public'
    'SESSIONNAME' => 'Console'
    'SystemDrive' => 'C:'
    'SystemRoot' => 'C:\\WINDOWS'
    'TEMP' => 'C:\\Users\\086\\AppData\\Local\\Temp'
    'TMP' => 'C:\\Users\\086\\AppData\\Local\\Temp'
    'USERDOMAIN' => '053-PC'
    'USERDOMAIN_ROAMINGPROFILE' => '053-PC'
    'USERNAME' => '086'
    'USERPROFILE' => 'C:\\Users\\086'
    'VBOX_MSI_INSTALL_PATH' => 'E:\\software\\VM\\'
    'windir' => 'C:\\WINDOWS'
    'HTTP_ACCEPT_LANGUAGE' => 'zh-CN,zh;q=0.9'
    'HTTP_ACCEPT_ENCODING' => 'gzip, deflate'
    'HTTP_ACCEPT' => 'text/html,application/xhtml+xml,application/xml;q=0.9,image/webp,image/apng,*/*;q=0.8'
    'HTTP_USER_AGENT' => 'Mozilla/5.0 (Windows NT 10.0; Win64; x64) AppleWebKit/537.36 (KHTML, like Gecko) Chrome/65.0.3325.162 Safari/537.36'
    'HTTP_UPGRADE_INSECURE_REQUESTS' => '1'
    'HTTP_CACHE_CONTROL' => 'no-cache'
    'HTTP_PRAGMA' => 'no-cache'
    'HTTP_CONNECTION' => 'keep-alive'
    'HTTP_HOST' => 'www.blog.com'
    'REDIRECT_STATUS' => '200'
    'SERVER_NAME' => 'www.blog.com'
    'SERVER_PORT' => '80'
    'SERVER_ADDR' => '127.0.0.1'
    'REMOTE_PORT' => '55027'
    'REMOTE_ADDR' => '127.0.0.1'
    'SERVER_SOFTWARE' => 'nginx/1.7.9'
    'GATEWAY_INTERFACE' => 'CGI/1.1'
    'SERVER_PROTOCOL' => 'HTTP/1.1'
    'DOCUMENT_ROOT' => 'E:\\project\\blog\\entrance\\www'
    'DOCUMENT_URI' => '/index.php'
    'REQUEST_URI' => '/'
    'SCRIPT_NAME' => '/index.php'
    'CONTENT_LENGTH' => ''
    'CONTENT_TYPE' => ''
    'REQUEST_METHOD' => 'GET'
    'QUERY_STRING' => ''
    'SCRIPT_FILENAME' => 'E:\\project\\blog\\entrance\\www/index.php'
    'FCGI_ROLE' => 'RESPONDER'
    'PHP_SELF' => '/index.php'
    'REQUEST_TIME_FLOAT' => 1521619800.8594
    'REQUEST_TIME' => 1521619800
]
2018-03-21 16:10:01 [127.0.0.1][-][-][error][yii\web\HttpException:404] exception 'yii\base\InvalidRouteException' with message 'Unable to resolve the request "".' in E:\project\blog\vendor\yiisoft\yii2\base\Module.php:537
Stack trace:
#0 E:\project\blog\vendor\yiisoft\yii2\web\Application.php(103): yii\base\Module->runAction('', Array)
#1 E:\project\blog\vendor\yiisoft\yii2\base\Application.php(386): yii\web\Application->handleRequest(Object(yii\web\Request))
#2 E:\project\blog\entrance\www\index.php(14): yii\base\Application->run()
#3 {main}

Next exception 'yii\web\NotFoundHttpException' with message 'Page not found.' in E:\project\blog\vendor\yiisoft\yii2\web\Application.php:115
Stack trace:
#0 E:\project\blog\vendor\yiisoft\yii2\base\Application.php(386): yii\web\Application->handleRequest(Object(yii\web\Request))
#1 E:\project\blog\entrance\www\index.php(14): yii\base\Application->run()
#2 {main}
2018-03-21 16:10:01 [127.0.0.1][-][-][info][application] $_SERVER = [
    'ALLUSERSPROFILE' => 'C:\\ProgramData'
    'APPDATA' => 'C:\\Users\\086\\AppData\\Roaming'
    'AWE_DIR' => 'E:\\software\\Awesomiun\\1.6.6\\'
    'CLASSPATH' => '.;C:\\Program Files\\Java\\jdk1.7.0_51\\lib\\dt.jar;C:\\Program Files\\Java\\jdk1.7.0_51\\lib\\tools.jar'
    'CommonProgramFiles' => 'C:\\Program Files\\Common Files'
    'CommonProgramFiles(x86)' => 'C:\\Program Files (x86)\\Common Files'
    'CommonProgramW6432' => 'C:\\Program Files\\Common Files'
    'COMPUTERNAME' => '053-PC'
    'ComSpec' => 'C:\\WINDOWS\\system32\\cmd.exe'
    'FPS_BROWSER_APP_PROFILE_STRING' => 'Internet Explorer'
    'FPS_BROWSER_USER_PROFILE_STRING' => 'Default'
    'HOMEDRIVE' => 'C:'
    'HOMEPATH' => '\\Users\\086'
    'JAVA_HOME' => 'C:\\Program Files\\Java\\jdk1.7.0_51'
    'LOCALAPPDATA' => 'C:\\Users\\086\\AppData\\Local'
    'LOGONSERVER' => '\\\\053-PC'
    'NUMBER_OF_PROCESSORS' => '4'
    'OneDrive' => 'C:\\Users\\086\\OneDrive'
    'OS' => 'Windows_NT'
    'Path' => 'C:\\WINDOWS\\system32;C:\\WINDOWS;C:\\WINDOWS\\System32\\Wbem;C:\\WINDOWS\\System32\\WindowsPowerShell\\v1.0\\;E:\\software\\svn\\bin;E:\\software\\MySQL\\bin;E:\\wnmp\\php5.5.20;C:\\ProgramData\\ComposerSetup\\bin;D:\\software\\Git\\cmd;C:\\Program Files\\Java\\jdk1.7.0_51\\bin;;C:\\Users\\086\\AppData\\Local\\Microsoft\\WindowsApps;C:\\Users\\086\\AppData\\Roaming\\Composer\\vendor\\bin;E:\\software\\fiddler'
    'PATHEXT' => '.COM;.EXE;.BAT;.CMD;.VBS;.VBE;.JS;.JSE;.WSF;.WSH;.MSC'
    'PROCESSOR_ARCHITECTURE' => 'AMD64'
    'PROCESSOR_IDENTIFIER' => 'Intel64 Family 6 Model 60 Stepping 3, GenuineIntel'
    'PROCESSOR_LEVEL' => '6'
    'PROCESSOR_REVISION' => '3c03'
    'ProgramData' => 'C:\\ProgramData'
    'ProgramFiles' => 'C:\\Program Files'
    'ProgramFiles(x86)' => 'C:\\Program Files (x86)'
    'ProgramW6432' => 'C:\\Program Files'
    'PROMPT' => '$P$G'
    'PSModulePath' => 'C:\\Program Files\\WindowsPowerShell\\Modules;C:\\WINDOWS\\system32\\WindowsPowerShell\\v1.0\\Modules'
    'PUBLIC' => 'C:\\Users\\Public'
    'SESSIONNAME' => 'Console'
    'SystemDrive' => 'C:'
    'SystemRoot' => 'C:\\WINDOWS'
    'TEMP' => 'C:\\Users\\086\\AppData\\Local\\Temp'
    'TMP' => 'C:\\Users\\086\\AppData\\Local\\Temp'
    'USERDOMAIN' => '053-PC'
    'USERDOMAIN_ROAMINGPROFILE' => '053-PC'
    'USERNAME' => '086'
    'USERPROFILE' => 'C:\\Users\\086'
    'VBOX_MSI_INSTALL_PATH' => 'E:\\software\\VM\\'
    'windir' => 'C:\\WINDOWS'
    'HTTP_ACCEPT_LANGUAGE' => 'zh-CN,zh;q=0.9'
    'HTTP_ACCEPT_ENCODING' => 'gzip, deflate'
    'HTTP_ACCEPT' => 'text/html,application/xhtml+xml,application/xml;q=0.9,image/webp,image/apng,*/*;q=0.8'
    'HTTP_USER_AGENT' => 'Mozilla/5.0 (Windows NT 10.0; Win64; x64) AppleWebKit/537.36 (KHTML, like Gecko) Chrome/65.0.3325.162 Safari/537.36'
    'HTTP_UPGRADE_INSECURE_REQUESTS' => '1'
    'HTTP_CACHE_CONTROL' => 'no-cache'
    'HTTP_PRAGMA' => 'no-cache'
    'HTTP_CONNECTION' => 'keep-alive'
    'HTTP_HOST' => 'www.blog.com'
    'REDIRECT_STATUS' => '200'
    'SERVER_NAME' => 'www.blog.com'
    'SERVER_PORT' => '80'
    'SERVER_ADDR' => '127.0.0.1'
    'REMOTE_PORT' => '55027'
    'REMOTE_ADDR' => '127.0.0.1'
    'SERVER_SOFTWARE' => 'nginx/1.7.9'
    'GATEWAY_INTERFACE' => 'CGI/1.1'
    'SERVER_PROTOCOL' => 'HTTP/1.1'
    'DOCUMENT_ROOT' => 'E:\\project\\blog\\entrance\\www'
    'DOCUMENT_URI' => '/index.php'
    'REQUEST_URI' => '/'
    'SCRIPT_NAME' => '/index.php'
    'CONTENT_LENGTH' => ''
    'CONTENT_TYPE' => ''
    'REQUEST_METHOD' => 'GET'
    'QUERY_STRING' => ''
    'SCRIPT_FILENAME' => 'E:\\project\\blog\\entrance\\www/index.php'
    'FCGI_ROLE' => 'RESPONDER'
    'PHP_SELF' => '/index.php'
    'REQUEST_TIME_FLOAT' => 1521619801.3481
    'REQUEST_TIME' => 1521619801
]
2018-03-21 16:10:01 [127.0.0.1][-][-][error][yii\web\HttpException:404] exception 'yii\base\InvalidRouteException' with message 'Unable to resolve the request "".' in E:\project\blog\vendor\yiisoft\yii2\base\Module.php:537
Stack trace:
#0 E:\project\blog\vendor\yiisoft\yii2\web\Application.php(103): yii\base\Module->runAction('', Array)
#1 E:\project\blog\vendor\yiisoft\yii2\base\Application.php(386): yii\web\Application->handleRequest(Object(yii\web\Request))
#2 E:\project\blog\entrance\www\index.php(14): yii\base\Application->run()
#3 {main}

Next exception 'yii\web\NotFoundHttpException' with message 'Page not found.' in E:\project\blog\vendor\yiisoft\yii2\web\Application.php:115
Stack trace:
#0 E:\project\blog\vendor\yiisoft\yii2\base\Application.php(386): yii\web\Application->handleRequest(Object(yii\web\Request))
#1 E:\project\blog\entrance\www\index.php(14): yii\base\Application->run()
#2 {main}
2018-03-21 16:10:01 [127.0.0.1][-][-][info][application] $_SERVER = [
    'ALLUSERSPROFILE' => 'C:\\ProgramData'
    'APPDATA' => 'C:\\Users\\086\\AppData\\Roaming'
    'AWE_DIR' => 'E:\\software\\Awesomiun\\1.6.6\\'
    'CLASSPATH' => '.;C:\\Program Files\\Java\\jdk1.7.0_51\\lib\\dt.jar;C:\\Program Files\\Java\\jdk1.7.0_51\\lib\\tools.jar'
    'CommonProgramFiles' => 'C:\\Program Files\\Common Files'
    'CommonProgramFiles(x86)' => 'C:\\Program Files (x86)\\Common Files'
    'CommonProgramW6432' => 'C:\\Program Files\\Common Files'
    'COMPUTERNAME' => '053-PC'
    'ComSpec' => 'C:\\WINDOWS\\system32\\cmd.exe'
    'FPS_BROWSER_APP_PROFILE_STRING' => 'Internet Explorer'
    'FPS_BROWSER_USER_PROFILE_STRING' => 'Default'
    'HOMEDRIVE' => 'C:'
    'HOMEPATH' => '\\Users\\086'
    'JAVA_HOME' => 'C:\\Program Files\\Java\\jdk1.7.0_51'
    'LOCALAPPDATA' => 'C:\\Users\\086\\AppData\\Local'
    'LOGONSERVER' => '\\\\053-PC'
    'NUMBER_OF_PROCESSORS' => '4'
    'OneDrive' => 'C:\\Users\\086\\OneDrive'
    'OS' => 'Windows_NT'
    'Path' => 'C:\\WINDOWS\\system32;C:\\WINDOWS;C:\\WINDOWS\\System32\\Wbem;C:\\WINDOWS\\System32\\WindowsPowerShell\\v1.0\\;E:\\software\\svn\\bin;E:\\software\\MySQL\\bin;E:\\wnmp\\php5.5.20;C:\\ProgramData\\ComposerSetup\\bin;D:\\software\\Git\\cmd;C:\\Program Files\\Java\\jdk1.7.0_51\\bin;;C:\\Users\\086\\AppData\\Local\\Microsoft\\WindowsApps;C:\\Users\\086\\AppData\\Roaming\\Composer\\vendor\\bin;E:\\software\\fiddler'
    'PATHEXT' => '.COM;.EXE;.BAT;.CMD;.VBS;.VBE;.JS;.JSE;.WSF;.WSH;.MSC'
    'PROCESSOR_ARCHITECTURE' => 'AMD64'
    'PROCESSOR_IDENTIFIER' => 'Intel64 Family 6 Model 60 Stepping 3, GenuineIntel'
    'PROCESSOR_LEVEL' => '6'
    'PROCESSOR_REVISION' => '3c03'
    'ProgramData' => 'C:\\ProgramData'
    'ProgramFiles' => 'C:\\Program Files'
    'ProgramFiles(x86)' => 'C:\\Program Files (x86)'
    'ProgramW6432' => 'C:\\Program Files'
    'PROMPT' => '$P$G'
    'PSModulePath' => 'C:\\Program Files\\WindowsPowerShell\\Modules;C:\\WINDOWS\\system32\\WindowsPowerShell\\v1.0\\Modules'
    'PUBLIC' => 'C:\\Users\\Public'
    'SESSIONNAME' => 'Console'
    'SystemDrive' => 'C:'
    'SystemRoot' => 'C:\\WINDOWS'
    'TEMP' => 'C:\\Users\\086\\AppData\\Local\\Temp'
    'TMP' => 'C:\\Users\\086\\AppData\\Local\\Temp'
    'USERDOMAIN' => '053-PC'
    'USERDOMAIN_ROAMINGPROFILE' => '053-PC'
    'USERNAME' => '086'
    'USERPROFILE' => 'C:\\Users\\086'
    'VBOX_MSI_INSTALL_PATH' => 'E:\\software\\VM\\'
    'windir' => 'C:\\WINDOWS'
    'HTTP_ACCEPT_LANGUAGE' => 'zh-CN,zh;q=0.9'
    'HTTP_ACCEPT_ENCODING' => 'gzip, deflate'
    'HTTP_ACCEPT' => 'text/html,application/xhtml+xml,application/xml;q=0.9,image/webp,image/apng,*/*;q=0.8'
    'HTTP_USER_AGENT' => 'Mozilla/5.0 (Windows NT 10.0; Win64; x64) AppleWebKit/537.36 (KHTML, like Gecko) Chrome/65.0.3325.162 Safari/537.36'
    'HTTP_UPGRADE_INSECURE_REQUESTS' => '1'
    'HTTP_CACHE_CONTROL' => 'no-cache'
    'HTTP_PRAGMA' => 'no-cache'
    'HTTP_CONNECTION' => 'keep-alive'
    'HTTP_HOST' => 'www.blog.com'
    'REDIRECT_STATUS' => '200'
    'SERVER_NAME' => 'www.blog.com'
    'SERVER_PORT' => '80'
    'SERVER_ADDR' => '127.0.0.1'
    'REMOTE_PORT' => '55027'
    'REMOTE_ADDR' => '127.0.0.1'
    'SERVER_SOFTWARE' => 'nginx/1.7.9'
    'GATEWAY_INTERFACE' => 'CGI/1.1'
    'SERVER_PROTOCOL' => 'HTTP/1.1'
    'DOCUMENT_ROOT' => 'E:\\project\\blog\\entrance\\www'
    'DOCUMENT_URI' => '/index.php'
    'REQUEST_URI' => '/'
    'SCRIPT_NAME' => '/index.php'
    'CONTENT_LENGTH' => ''
    'CONTENT_TYPE' => ''
    'REQUEST_METHOD' => 'GET'
    'QUERY_STRING' => ''
    'SCRIPT_FILENAME' => 'E:\\project\\blog\\entrance\\www/index.php'
    'FCGI_ROLE' => 'RESPONDER'
    'PHP_SELF' => '/index.php'
    'REQUEST_TIME_FLOAT' => 1521619801.5317
    'REQUEST_TIME' => 1521619801
]
2018-03-21 16:10:32 [127.0.0.1][-][-][error][yii\web\HttpException:404] exception 'yii\base\InvalidRouteException' with message 'Unable to resolve the request "".' in E:\project\blog\vendor\yiisoft\yii2\base\Module.php:537
Stack trace:
#0 E:\project\blog\vendor\yiisoft\yii2\web\Application.php(103): yii\base\Module->runAction('', Array)
#1 E:\project\blog\vendor\yiisoft\yii2\base\Application.php(386): yii\web\Application->handleRequest(Object(yii\web\Request))
#2 E:\project\blog\entrance\www\index.php(14): yii\base\Application->run()
#3 {main}

Next exception 'yii\web\NotFoundHttpException' with message 'Page not found.' in E:\project\blog\vendor\yiisoft\yii2\web\Application.php:115
Stack trace:
#0 E:\project\blog\vendor\yiisoft\yii2\base\Application.php(386): yii\web\Application->handleRequest(Object(yii\web\Request))
#1 E:\project\blog\entrance\www\index.php(14): yii\base\Application->run()
#2 {main}
2018-03-21 16:10:32 [127.0.0.1][-][-][info][application] $_SERVER = [
    'ALLUSERSPROFILE' => 'C:\\ProgramData'
    'APPDATA' => 'C:\\Users\\086\\AppData\\Roaming'
    'AWE_DIR' => 'E:\\software\\Awesomiun\\1.6.6\\'
    'CLASSPATH' => '.;C:\\Program Files\\Java\\jdk1.7.0_51\\lib\\dt.jar;C:\\Program Files\\Java\\jdk1.7.0_51\\lib\\tools.jar'
    'CommonProgramFiles' => 'C:\\Program Files\\Common Files'
    'CommonProgramFiles(x86)' => 'C:\\Program Files (x86)\\Common Files'
    'CommonProgramW6432' => 'C:\\Program Files\\Common Files'
    'COMPUTERNAME' => '053-PC'
    'ComSpec' => 'C:\\WINDOWS\\system32\\cmd.exe'
    'FPS_BROWSER_APP_PROFILE_STRING' => 'Internet Explorer'
    'FPS_BROWSER_USER_PROFILE_STRING' => 'Default'
    'HOMEDRIVE' => 'C:'
    'HOMEPATH' => '\\Users\\086'
    'JAVA_HOME' => 'C:\\Program Files\\Java\\jdk1.7.0_51'
    'LOCALAPPDATA' => 'C:\\Users\\086\\AppData\\Local'
    'LOGONSERVER' => '\\\\053-PC'
    'NUMBER_OF_PROCESSORS' => '4'
    'OneDrive' => 'C:\\Users\\086\\OneDrive'
    'OS' => 'Windows_NT'
    'Path' => 'C:\\WINDOWS\\system32;C:\\WINDOWS;C:\\WINDOWS\\System32\\Wbem;C:\\WINDOWS\\System32\\WindowsPowerShell\\v1.0\\;E:\\software\\svn\\bin;E:\\software\\MySQL\\bin;E:\\wnmp\\php5.5.20;C:\\ProgramData\\ComposerSetup\\bin;D:\\software\\Git\\cmd;C:\\Program Files\\Java\\jdk1.7.0_51\\bin;;C:\\Users\\086\\AppData\\Local\\Microsoft\\WindowsApps;C:\\Users\\086\\AppData\\Roaming\\Composer\\vendor\\bin;E:\\software\\fiddler'
    'PATHEXT' => '.COM;.EXE;.BAT;.CMD;.VBS;.VBE;.JS;.JSE;.WSF;.WSH;.MSC'
    'PROCESSOR_ARCHITECTURE' => 'AMD64'
    'PROCESSOR_IDENTIFIER' => 'Intel64 Family 6 Model 60 Stepping 3, GenuineIntel'
    'PROCESSOR_LEVEL' => '6'
    'PROCESSOR_REVISION' => '3c03'
    'ProgramData' => 'C:\\ProgramData'
    'ProgramFiles' => 'C:\\Program Files'
    'ProgramFiles(x86)' => 'C:\\Program Files (x86)'
    'ProgramW6432' => 'C:\\Program Files'
    'PROMPT' => '$P$G'
    'PSModulePath' => 'C:\\Program Files\\WindowsPowerShell\\Modules;C:\\WINDOWS\\system32\\WindowsPowerShell\\v1.0\\Modules'
    'PUBLIC' => 'C:\\Users\\Public'
    'SESSIONNAME' => 'Console'
    'SystemDrive' => 'C:'
    'SystemRoot' => 'C:\\WINDOWS'
    'TEMP' => 'C:\\Users\\086\\AppData\\Local\\Temp'
    'TMP' => 'C:\\Users\\086\\AppData\\Local\\Temp'
    'USERDOMAIN' => '053-PC'
    'USERDOMAIN_ROAMINGPROFILE' => '053-PC'
    'USERNAME' => '086'
    'USERPROFILE' => 'C:\\Users\\086'
    'VBOX_MSI_INSTALL_PATH' => 'E:\\software\\VM\\'
    'windir' => 'C:\\WINDOWS'
    'HTTP_ACCEPT_LANGUAGE' => 'zh-CN,zh;q=0.9'
    'HTTP_ACCEPT_ENCODING' => 'gzip, deflate'
    'HTTP_ACCEPT' => 'text/html,application/xhtml+xml,application/xml;q=0.9,image/webp,image/apng,*/*;q=0.8'
    'HTTP_USER_AGENT' => 'Mozilla/5.0 (Windows NT 10.0; Win64; x64) AppleWebKit/537.36 (KHTML, like Gecko) Chrome/65.0.3325.162 Safari/537.36'
    'HTTP_UPGRADE_INSECURE_REQUESTS' => '1'
    'HTTP_CACHE_CONTROL' => 'no-cache'
    'HTTP_PRAGMA' => 'no-cache'
    'HTTP_CONNECTION' => 'keep-alive'
    'HTTP_HOST' => 'www.blog.com'
    'REDIRECT_STATUS' => '200'
    'SERVER_NAME' => 'www.blog.com'
    'SERVER_PORT' => '80'
    'SERVER_ADDR' => '127.0.0.1'
    'REMOTE_PORT' => '55027'
    'REMOTE_ADDR' => '127.0.0.1'
    'SERVER_SOFTWARE' => 'nginx/1.7.9'
    'GATEWAY_INTERFACE' => 'CGI/1.1'
    'SERVER_PROTOCOL' => 'HTTP/1.1'
    'DOCUMENT_ROOT' => 'E:\\project\\blog\\entrance\\www'
    'DOCUMENT_URI' => '/index.php'
    'REQUEST_URI' => '/'
    'SCRIPT_NAME' => '/index.php'
    'CONTENT_LENGTH' => ''
    'CONTENT_TYPE' => ''
    'REQUEST_METHOD' => 'GET'
    'QUERY_STRING' => ''
    'SCRIPT_FILENAME' => 'E:\\project\\blog\\entrance\\www/index.php'
    'FCGI_ROLE' => 'RESPONDER'
    'PHP_SELF' => '/index.php'
    'REQUEST_TIME_FLOAT' => 1521619832.1557
    'REQUEST_TIME' => 1521619832
]
2018-03-21 16:10:57 [127.0.0.1][-][-][error][yii\web\HttpException:404] exception 'yii\base\InvalidRouteException' with message 'Unable to resolve the request "".' in E:\project\blog\vendor\yiisoft\yii2\base\Module.php:537
Stack trace:
#0 E:\project\blog\vendor\yiisoft\yii2\web\Application.php(103): yii\base\Module->runAction('', Array)
#1 E:\project\blog\vendor\yiisoft\yii2\base\Application.php(386): yii\web\Application->handleRequest(Object(yii\web\Request))
#2 E:\project\blog\entrance\www\index.php(14): yii\base\Application->run()
#3 {main}

Next exception 'yii\web\NotFoundHttpException' with message 'Page not found.' in E:\project\blog\vendor\yiisoft\yii2\web\Application.php:115
Stack trace:
#0 E:\project\blog\vendor\yiisoft\yii2\base\Application.php(386): yii\web\Application->handleRequest(Object(yii\web\Request))
#1 E:\project\blog\entrance\www\index.php(14): yii\base\Application->run()
#2 {main}
2018-03-21 16:10:57 [127.0.0.1][-][-][info][application] $_SERVER = [
    'ALLUSERSPROFILE' => 'C:\\ProgramData'
    'APPDATA' => 'C:\\Users\\086\\AppData\\Roaming'
    'AWE_DIR' => 'E:\\software\\Awesomiun\\1.6.6\\'
    'CLASSPATH' => '.;C:\\Program Files\\Java\\jdk1.7.0_51\\lib\\dt.jar;C:\\Program Files\\Java\\jdk1.7.0_51\\lib\\tools.jar'
    'CommonProgramFiles' => 'C:\\Program Files\\Common Files'
    'CommonProgramFiles(x86)' => 'C:\\Program Files (x86)\\Common Files'
    'CommonProgramW6432' => 'C:\\Program Files\\Common Files'
    'COMPUTERNAME' => '053-PC'
    'ComSpec' => 'C:\\WINDOWS\\system32\\cmd.exe'
    'FPS_BROWSER_APP_PROFILE_STRING' => 'Internet Explorer'
    'FPS_BROWSER_USER_PROFILE_STRING' => 'Default'
    'HOMEDRIVE' => 'C:'
    'HOMEPATH' => '\\Users\\086'
    'JAVA_HOME' => 'C:\\Program Files\\Java\\jdk1.7.0_51'
    'LOCALAPPDATA' => 'C:\\Users\\086\\AppData\\Local'
    'LOGONSERVER' => '\\\\053-PC'
    'NUMBER_OF_PROCESSORS' => '4'
    'OneDrive' => 'C:\\Users\\086\\OneDrive'
    'OS' => 'Windows_NT'
    'Path' => 'C:\\WINDOWS\\system32;C:\\WINDOWS;C:\\WINDOWS\\System32\\Wbem;C:\\WINDOWS\\System32\\WindowsPowerShell\\v1.0\\;E:\\software\\svn\\bin;E:\\software\\MySQL\\bin;E:\\wnmp\\php5.5.20;C:\\ProgramData\\ComposerSetup\\bin;D:\\software\\Git\\cmd;C:\\Program Files\\Java\\jdk1.7.0_51\\bin;;C:\\Users\\086\\AppData\\Local\\Microsoft\\WindowsApps;C:\\Users\\086\\AppData\\Roaming\\Composer\\vendor\\bin;E:\\software\\fiddler'
    'PATHEXT' => '.COM;.EXE;.BAT;.CMD;.VBS;.VBE;.JS;.JSE;.WSF;.WSH;.MSC'
    'PROCESSOR_ARCHITECTURE' => 'AMD64'
    'PROCESSOR_IDENTIFIER' => 'Intel64 Family 6 Model 60 Stepping 3, GenuineIntel'
    'PROCESSOR_LEVEL' => '6'
    'PROCESSOR_REVISION' => '3c03'
    'ProgramData' => 'C:\\ProgramData'
    'ProgramFiles' => 'C:\\Program Files'
    'ProgramFiles(x86)' => 'C:\\Program Files (x86)'
    'ProgramW6432' => 'C:\\Program Files'
    'PROMPT' => '$P$G'
    'PSModulePath' => 'C:\\Program Files\\WindowsPowerShell\\Modules;C:\\WINDOWS\\system32\\WindowsPowerShell\\v1.0\\Modules'
    'PUBLIC' => 'C:\\Users\\Public'
    'SESSIONNAME' => 'Console'
    'SystemDrive' => 'C:'
    'SystemRoot' => 'C:\\WINDOWS'
    'TEMP' => 'C:\\Users\\086\\AppData\\Local\\Temp'
    'TMP' => 'C:\\Users\\086\\AppData\\Local\\Temp'
    'USERDOMAIN' => '053-PC'
    'USERDOMAIN_ROAMINGPROFILE' => '053-PC'
    'USERNAME' => '086'
    'USERPROFILE' => 'C:\\Users\\086'
    'VBOX_MSI_INSTALL_PATH' => 'E:\\software\\VM\\'
    'windir' => 'C:\\WINDOWS'
    'HTTP_ACCEPT_LANGUAGE' => 'zh-CN,zh;q=0.9'
    'HTTP_ACCEPT_ENCODING' => 'gzip, deflate'
    'HTTP_ACCEPT' => 'text/html,application/xhtml+xml,application/xml;q=0.9,image/webp,image/apng,*/*;q=0.8'
    'HTTP_USER_AGENT' => 'Mozilla/5.0 (Windows NT 10.0; Win64; x64) AppleWebKit/537.36 (KHTML, like Gecko) Chrome/65.0.3325.162 Safari/537.36'
    'HTTP_UPGRADE_INSECURE_REQUESTS' => '1'
    'HTTP_CACHE_CONTROL' => 'no-cache'
    'HTTP_PRAGMA' => 'no-cache'
    'HTTP_CONNECTION' => 'keep-alive'
    'HTTP_HOST' => 'www.blog.com'
    'REDIRECT_STATUS' => '200'
    'SERVER_NAME' => 'www.blog.com'
    'SERVER_PORT' => '80'
    'SERVER_ADDR' => '127.0.0.1'
    'REMOTE_PORT' => '55027'
    'REMOTE_ADDR' => '127.0.0.1'
    'SERVER_SOFTWARE' => 'nginx/1.7.9'
    'GATEWAY_INTERFACE' => 'CGI/1.1'
    'SERVER_PROTOCOL' => 'HTTP/1.1'
    'DOCUMENT_ROOT' => 'E:\\project\\blog\\entrance\\www'
    'DOCUMENT_URI' => '/index.php'
    'REQUEST_URI' => '/'
    'SCRIPT_NAME' => '/index.php'
    'CONTENT_LENGTH' => ''
    'CONTENT_TYPE' => ''
    'REQUEST_METHOD' => 'GET'
    'QUERY_STRING' => ''
    'SCRIPT_FILENAME' => 'E:\\project\\blog\\entrance\\www/index.php'
    'FCGI_ROLE' => 'RESPONDER'
    'PHP_SELF' => '/index.php'
    'REQUEST_TIME_FLOAT' => 1521619857.0264
    'REQUEST_TIME' => 1521619857
]
2018-03-21 16:10:57 [127.0.0.1][-][-][error][yii\web\HttpException:404] exception 'yii\base\InvalidRouteException' with message 'Unable to resolve the request "".' in E:\project\blog\vendor\yiisoft\yii2\base\Module.php:537
Stack trace:
#0 E:\project\blog\vendor\yiisoft\yii2\web\Application.php(103): yii\base\Module->runAction('', Array)
#1 E:\project\blog\vendor\yiisoft\yii2\base\Application.php(386): yii\web\Application->handleRequest(Object(yii\web\Request))
#2 E:\project\blog\entrance\www\index.php(14): yii\base\Application->run()
#3 {main}

Next exception 'yii\web\NotFoundHttpException' with message 'Page not found.' in E:\project\blog\vendor\yiisoft\yii2\web\Application.php:115
Stack trace:
#0 E:\project\blog\vendor\yiisoft\yii2\base\Application.php(386): yii\web\Application->handleRequest(Object(yii\web\Request))
#1 E:\project\blog\entrance\www\index.php(14): yii\base\Application->run()
#2 {main}
2018-03-21 16:10:57 [127.0.0.1][-][-][info][application] $_SERVER = [
    'ALLUSERSPROFILE' => 'C:\\ProgramData'
    'APPDATA' => 'C:\\Users\\086\\AppData\\Roaming'
    'AWE_DIR' => 'E:\\software\\Awesomiun\\1.6.6\\'
    'CLASSPATH' => '.;C:\\Program Files\\Java\\jdk1.7.0_51\\lib\\dt.jar;C:\\Program Files\\Java\\jdk1.7.0_51\\lib\\tools.jar'
    'CommonProgramFiles' => 'C:\\Program Files\\Common Files'
    'CommonProgramFiles(x86)' => 'C:\\Program Files (x86)\\Common Files'
    'CommonProgramW6432' => 'C:\\Program Files\\Common Files'
    'COMPUTERNAME' => '053-PC'
    'ComSpec' => 'C:\\WINDOWS\\system32\\cmd.exe'
    'FPS_BROWSER_APP_PROFILE_STRING' => 'Internet Explorer'
    'FPS_BROWSER_USER_PROFILE_STRING' => 'Default'
    'HOMEDRIVE' => 'C:'
    'HOMEPATH' => '\\Users\\086'
    'JAVA_HOME' => 'C:\\Program Files\\Java\\jdk1.7.0_51'
    'LOCALAPPDATA' => 'C:\\Users\\086\\AppData\\Local'
    'LOGONSERVER' => '\\\\053-PC'
    'NUMBER_OF_PROCESSORS' => '4'
    'OneDrive' => 'C:\\Users\\086\\OneDrive'
    'OS' => 'Windows_NT'
    'Path' => 'C:\\WINDOWS\\system32;C:\\WINDOWS;C:\\WINDOWS\\System32\\Wbem;C:\\WINDOWS\\System32\\WindowsPowerShell\\v1.0\\;E:\\software\\svn\\bin;E:\\software\\MySQL\\bin;E:\\wnmp\\php5.5.20;C:\\ProgramData\\ComposerSetup\\bin;D:\\software\\Git\\cmd;C:\\Program Files\\Java\\jdk1.7.0_51\\bin;;C:\\Users\\086\\AppData\\Local\\Microsoft\\WindowsApps;C:\\Users\\086\\AppData\\Roaming\\Composer\\vendor\\bin;E:\\software\\fiddler'
    'PATHEXT' => '.COM;.EXE;.BAT;.CMD;.VBS;.VBE;.JS;.JSE;.WSF;.WSH;.MSC'
    'PROCESSOR_ARCHITECTURE' => 'AMD64'
    'PROCESSOR_IDENTIFIER' => 'Intel64 Family 6 Model 60 Stepping 3, GenuineIntel'
    'PROCESSOR_LEVEL' => '6'
    'PROCESSOR_REVISION' => '3c03'
    'ProgramData' => 'C:\\ProgramData'
    'ProgramFiles' => 'C:\\Program Files'
    'ProgramFiles(x86)' => 'C:\\Program Files (x86)'
    'ProgramW6432' => 'C:\\Program Files'
    'PROMPT' => '$P$G'
    'PSModulePath' => 'C:\\Program Files\\WindowsPowerShell\\Modules;C:\\WINDOWS\\system32\\WindowsPowerShell\\v1.0\\Modules'
    'PUBLIC' => 'C:\\Users\\Public'
    'SESSIONNAME' => 'Console'
    'SystemDrive' => 'C:'
    'SystemRoot' => 'C:\\WINDOWS'
    'TEMP' => 'C:\\Users\\086\\AppData\\Local\\Temp'
    'TMP' => 'C:\\Users\\086\\AppData\\Local\\Temp'
    'USERDOMAIN' => '053-PC'
    'USERDOMAIN_ROAMINGPROFILE' => '053-PC'
    'USERNAME' => '086'
    'USERPROFILE' => 'C:\\Users\\086'
    'VBOX_MSI_INSTALL_PATH' => 'E:\\software\\VM\\'
    'windir' => 'C:\\WINDOWS'
    'HTTP_ACCEPT_LANGUAGE' => 'zh-CN,zh;q=0.9'
    'HTTP_ACCEPT_ENCODING' => 'gzip, deflate'
    'HTTP_ACCEPT' => 'text/html,application/xhtml+xml,application/xml;q=0.9,image/webp,image/apng,*/*;q=0.8'
    'HTTP_USER_AGENT' => 'Mozilla/5.0 (Windows NT 10.0; Win64; x64) AppleWebKit/537.36 (KHTML, like Gecko) Chrome/65.0.3325.162 Safari/537.36'
    'HTTP_UPGRADE_INSECURE_REQUESTS' => '1'
    'HTTP_CACHE_CONTROL' => 'no-cache'
    'HTTP_PRAGMA' => 'no-cache'
    'HTTP_CONNECTION' => 'keep-alive'
    'HTTP_HOST' => 'www.blog.com'
    'REDIRECT_STATUS' => '200'
    'SERVER_NAME' => 'www.blog.com'
    'SERVER_PORT' => '80'
    'SERVER_ADDR' => '127.0.0.1'
    'REMOTE_PORT' => '58172'
    'REMOTE_ADDR' => '127.0.0.1'
    'SERVER_SOFTWARE' => 'nginx/1.7.9'
    'GATEWAY_INTERFACE' => 'CGI/1.1'
    'SERVER_PROTOCOL' => 'HTTP/1.1'
    'DOCUMENT_ROOT' => 'E:\\project\\blog\\entrance\\www'
    'DOCUMENT_URI' => '/index.php'
    'REQUEST_URI' => '/'
    'SCRIPT_NAME' => '/index.php'
    'CONTENT_LENGTH' => ''
    'CONTENT_TYPE' => ''
    'REQUEST_METHOD' => 'GET'
    'QUERY_STRING' => ''
    'SCRIPT_FILENAME' => 'E:\\project\\blog\\entrance\\www/index.php'
    'FCGI_ROLE' => 'RESPONDER'
    'PHP_SELF' => '/index.php'
    'REQUEST_TIME_FLOAT' => 1521619857.2439
    'REQUEST_TIME' => 1521619857
]
2018-03-21 16:10:57 [127.0.0.1][-][-][error][yii\web\HttpException:404] exception 'yii\base\InvalidRouteException' with message 'Unable to resolve the request "".' in E:\project\blog\vendor\yiisoft\yii2\base\Module.php:537
Stack trace:
#0 E:\project\blog\vendor\yiisoft\yii2\web\Application.php(103): yii\base\Module->runAction('', Array)
#1 E:\project\blog\vendor\yiisoft\yii2\base\Application.php(386): yii\web\Application->handleRequest(Object(yii\web\Request))
#2 E:\project\blog\entrance\www\index.php(14): yii\base\Application->run()
#3 {main}

Next exception 'yii\web\NotFoundHttpException' with message 'Page not found.' in E:\project\blog\vendor\yiisoft\yii2\web\Application.php:115
Stack trace:
#0 E:\project\blog\vendor\yiisoft\yii2\base\Application.php(386): yii\web\Application->handleRequest(Object(yii\web\Request))
#1 E:\project\blog\entrance\www\index.php(14): yii\base\Application->run()
#2 {main}
2018-03-21 16:10:57 [127.0.0.1][-][-][info][application] $_SERVER = [
    'ALLUSERSPROFILE' => 'C:\\ProgramData'
    'APPDATA' => 'C:\\Users\\086\\AppData\\Roaming'
    'AWE_DIR' => 'E:\\software\\Awesomiun\\1.6.6\\'
    'CLASSPATH' => '.;C:\\Program Files\\Java\\jdk1.7.0_51\\lib\\dt.jar;C:\\Program Files\\Java\\jdk1.7.0_51\\lib\\tools.jar'
    'CommonProgramFiles' => 'C:\\Program Files\\Common Files'
    'CommonProgramFiles(x86)' => 'C:\\Program Files (x86)\\Common Files'
    'CommonProgramW6432' => 'C:\\Program Files\\Common Files'
    'COMPUTERNAME' => '053-PC'
    'ComSpec' => 'C:\\WINDOWS\\system32\\cmd.exe'
    'FPS_BROWSER_APP_PROFILE_STRING' => 'Internet Explorer'
    'FPS_BROWSER_USER_PROFILE_STRING' => 'Default'
    'HOMEDRIVE' => 'C:'
    'HOMEPATH' => '\\Users\\086'
    'JAVA_HOME' => 'C:\\Program Files\\Java\\jdk1.7.0_51'
    'LOCALAPPDATA' => 'C:\\Users\\086\\AppData\\Local'
    'LOGONSERVER' => '\\\\053-PC'
    'NUMBER_OF_PROCESSORS' => '4'
    'OneDrive' => 'C:\\Users\\086\\OneDrive'
    'OS' => 'Windows_NT'
    'Path' => 'C:\\WINDOWS\\system32;C:\\WINDOWS;C:\\WINDOWS\\System32\\Wbem;C:\\WINDOWS\\System32\\WindowsPowerShell\\v1.0\\;E:\\software\\svn\\bin;E:\\software\\MySQL\\bin;E:\\wnmp\\php5.5.20;C:\\ProgramData\\ComposerSetup\\bin;D:\\software\\Git\\cmd;C:\\Program Files\\Java\\jdk1.7.0_51\\bin;;C:\\Users\\086\\AppData\\Local\\Microsoft\\WindowsApps;C:\\Users\\086\\AppData\\Roaming\\Composer\\vendor\\bin;E:\\software\\fiddler'
    'PATHEXT' => '.COM;.EXE;.BAT;.CMD;.VBS;.VBE;.JS;.JSE;.WSF;.WSH;.MSC'
    'PROCESSOR_ARCHITECTURE' => 'AMD64'
    'PROCESSOR_IDENTIFIER' => 'Intel64 Family 6 Model 60 Stepping 3, GenuineIntel'
    'PROCESSOR_LEVEL' => '6'
    'PROCESSOR_REVISION' => '3c03'
    'ProgramData' => 'C:\\ProgramData'
    'ProgramFiles' => 'C:\\Program Files'
    'ProgramFiles(x86)' => 'C:\\Program Files (x86)'
    'ProgramW6432' => 'C:\\Program Files'
    'PROMPT' => '$P$G'
    'PSModulePath' => 'C:\\Program Files\\WindowsPowerShell\\Modules;C:\\WINDOWS\\system32\\WindowsPowerShell\\v1.0\\Modules'
    'PUBLIC' => 'C:\\Users\\Public'
    'SESSIONNAME' => 'Console'
    'SystemDrive' => 'C:'
    'SystemRoot' => 'C:\\WINDOWS'
    'TEMP' => 'C:\\Users\\086\\AppData\\Local\\Temp'
    'TMP' => 'C:\\Users\\086\\AppData\\Local\\Temp'
    'USERDOMAIN' => '053-PC'
    'USERDOMAIN_ROAMINGPROFILE' => '053-PC'
    'USERNAME' => '086'
    'USERPROFILE' => 'C:\\Users\\086'
    'VBOX_MSI_INSTALL_PATH' => 'E:\\software\\VM\\'
    'windir' => 'C:\\WINDOWS'
    'HTTP_ACCEPT_LANGUAGE' => 'zh-CN,zh;q=0.9'
    'HTTP_ACCEPT_ENCODING' => 'gzip, deflate'
    'HTTP_ACCEPT' => 'text/html,application/xhtml+xml,application/xml;q=0.9,image/webp,image/apng,*/*;q=0.8'
    'HTTP_USER_AGENT' => 'Mozilla/5.0 (Windows NT 10.0; Win64; x64) AppleWebKit/537.36 (KHTML, like Gecko) Chrome/65.0.3325.162 Safari/537.36'
    'HTTP_UPGRADE_INSECURE_REQUESTS' => '1'
    'HTTP_CACHE_CONTROL' => 'no-cache'
    'HTTP_PRAGMA' => 'no-cache'
    'HTTP_CONNECTION' => 'keep-alive'
    'HTTP_HOST' => 'www.blog.com'
    'REDIRECT_STATUS' => '200'
    'SERVER_NAME' => 'www.blog.com'
    'SERVER_PORT' => '80'
    'SERVER_ADDR' => '127.0.0.1'
    'REMOTE_PORT' => '58172'
    'REMOTE_ADDR' => '127.0.0.1'
    'SERVER_SOFTWARE' => 'nginx/1.7.9'
    'GATEWAY_INTERFACE' => 'CGI/1.1'
    'SERVER_PROTOCOL' => 'HTTP/1.1'
    'DOCUMENT_ROOT' => 'E:\\project\\blog\\entrance\\www'
    'DOCUMENT_URI' => '/index.php'
    'REQUEST_URI' => '/'
    'SCRIPT_NAME' => '/index.php'
    'CONTENT_LENGTH' => ''
    'CONTENT_TYPE' => ''
    'REQUEST_METHOD' => 'GET'
    'QUERY_STRING' => ''
    'SCRIPT_FILENAME' => 'E:\\project\\blog\\entrance\\www/index.php'
    'FCGI_ROLE' => 'RESPONDER'
    'PHP_SELF' => '/index.php'
    'REQUEST_TIME_FLOAT' => 1521619857.4266
    'REQUEST_TIME' => 1521619857
]
2018-03-21 16:10:57 [127.0.0.1][-][-][error][yii\web\HttpException:404] exception 'yii\base\InvalidRouteException' with message 'Unable to resolve the request "".' in E:\project\blog\vendor\yiisoft\yii2\base\Module.php:537
Stack trace:
#0 E:\project\blog\vendor\yiisoft\yii2\web\Application.php(103): yii\base\Module->runAction('', Array)
#1 E:\project\blog\vendor\yiisoft\yii2\base\Application.php(386): yii\web\Application->handleRequest(Object(yii\web\Request))
#2 E:\project\blog\entrance\www\index.php(14): yii\base\Application->run()
#3 {main}

Next exception 'yii\web\NotFoundHttpException' with message 'Page not found.' in E:\project\blog\vendor\yiisoft\yii2\web\Application.php:115
Stack trace:
#0 E:\project\blog\vendor\yiisoft\yii2\base\Application.php(386): yii\web\Application->handleRequest(Object(yii\web\Request))
#1 E:\project\blog\entrance\www\index.php(14): yii\base\Application->run()
#2 {main}
2018-03-21 16:10:57 [127.0.0.1][-][-][info][application] $_SERVER = [
    'ALLUSERSPROFILE' => 'C:\\ProgramData'
    'APPDATA' => 'C:\\Users\\086\\AppData\\Roaming'
    'AWE_DIR' => 'E:\\software\\Awesomiun\\1.6.6\\'
    'CLASSPATH' => '.;C:\\Program Files\\Java\\jdk1.7.0_51\\lib\\dt.jar;C:\\Program Files\\Java\\jdk1.7.0_51\\lib\\tools.jar'
    'CommonProgramFiles' => 'C:\\Program Files\\Common Files'
    'CommonProgramFiles(x86)' => 'C:\\Program Files (x86)\\Common Files'
    'CommonProgramW6432' => 'C:\\Program Files\\Common Files'
    'COMPUTERNAME' => '053-PC'
    'ComSpec' => 'C:\\WINDOWS\\system32\\cmd.exe'
    'FPS_BROWSER_APP_PROFILE_STRING' => 'Internet Explorer'
    'FPS_BROWSER_USER_PROFILE_STRING' => 'Default'
    'HOMEDRIVE' => 'C:'
    'HOMEPATH' => '\\Users\\086'
    'JAVA_HOME' => 'C:\\Program Files\\Java\\jdk1.7.0_51'
    'LOCALAPPDATA' => 'C:\\Users\\086\\AppData\\Local'
    'LOGONSERVER' => '\\\\053-PC'
    'NUMBER_OF_PROCESSORS' => '4'
    'OneDrive' => 'C:\\Users\\086\\OneDrive'
    'OS' => 'Windows_NT'
    'Path' => 'C:\\WINDOWS\\system32;C:\\WINDOWS;C:\\WINDOWS\\System32\\Wbem;C:\\WINDOWS\\System32\\WindowsPowerShell\\v1.0\\;E:\\software\\svn\\bin;E:\\software\\MySQL\\bin;E:\\wnmp\\php5.5.20;C:\\ProgramData\\ComposerSetup\\bin;D:\\software\\Git\\cmd;C:\\Program Files\\Java\\jdk1.7.0_51\\bin;;C:\\Users\\086\\AppData\\Local\\Microsoft\\WindowsApps;C:\\Users\\086\\AppData\\Roaming\\Composer\\vendor\\bin;E:\\software\\fiddler'
    'PATHEXT' => '.COM;.EXE;.BAT;.CMD;.VBS;.VBE;.JS;.JSE;.WSF;.WSH;.MSC'
    'PROCESSOR_ARCHITECTURE' => 'AMD64'
    'PROCESSOR_IDENTIFIER' => 'Intel64 Family 6 Model 60 Stepping 3, GenuineIntel'
    'PROCESSOR_LEVEL' => '6'
    'PROCESSOR_REVISION' => '3c03'
    'ProgramData' => 'C:\\ProgramData'
    'ProgramFiles' => 'C:\\Program Files'
    'ProgramFiles(x86)' => 'C:\\Program Files (x86)'
    'ProgramW6432' => 'C:\\Program Files'
    'PROMPT' => '$P$G'
    'PSModulePath' => 'C:\\Program Files\\WindowsPowerShell\\Modules;C:\\WINDOWS\\system32\\WindowsPowerShell\\v1.0\\Modules'
    'PUBLIC' => 'C:\\Users\\Public'
    'SESSIONNAME' => 'Console'
    'SystemDrive' => 'C:'
    'SystemRoot' => 'C:\\WINDOWS'
    'TEMP' => 'C:\\Users\\086\\AppData\\Local\\Temp'
    'TMP' => 'C:\\Users\\086\\AppData\\Local\\Temp'
    'USERDOMAIN' => '053-PC'
    'USERDOMAIN_ROAMINGPROFILE' => '053-PC'
    'USERNAME' => '086'
    'USERPROFILE' => 'C:\\Users\\086'
    'VBOX_MSI_INSTALL_PATH' => 'E:\\software\\VM\\'
    'windir' => 'C:\\WINDOWS'
    'HTTP_ACCEPT_LANGUAGE' => 'zh-CN,zh;q=0.9'
    'HTTP_ACCEPT_ENCODING' => 'gzip, deflate'
    'HTTP_ACCEPT' => 'text/html,application/xhtml+xml,application/xml;q=0.9,image/webp,image/apng,*/*;q=0.8'
    'HTTP_USER_AGENT' => 'Mozilla/5.0 (Windows NT 10.0; Win64; x64) AppleWebKit/537.36 (KHTML, like Gecko) Chrome/65.0.3325.162 Safari/537.36'
    'HTTP_UPGRADE_INSECURE_REQUESTS' => '1'
    'HTTP_CACHE_CONTROL' => 'no-cache'
    'HTTP_PRAGMA' => 'no-cache'
    'HTTP_CONNECTION' => 'keep-alive'
    'HTTP_HOST' => 'www.blog.com'
    'REDIRECT_STATUS' => '200'
    'SERVER_NAME' => 'www.blog.com'
    'SERVER_PORT' => '80'
    'SERVER_ADDR' => '127.0.0.1'
    'REMOTE_PORT' => '58172'
    'REMOTE_ADDR' => '127.0.0.1'
    'SERVER_SOFTWARE' => 'nginx/1.7.9'
    'GATEWAY_INTERFACE' => 'CGI/1.1'
    'SERVER_PROTOCOL' => 'HTTP/1.1'
    'DOCUMENT_ROOT' => 'E:\\project\\blog\\entrance\\www'
    'DOCUMENT_URI' => '/index.php'
    'REQUEST_URI' => '/'
    'SCRIPT_NAME' => '/index.php'
    'CONTENT_LENGTH' => ''
    'CONTENT_TYPE' => ''
    'REQUEST_METHOD' => 'GET'
    'QUERY_STRING' => ''
    'SCRIPT_FILENAME' => 'E:\\project\\blog\\entrance\\www/index.php'
    'FCGI_ROLE' => 'RESPONDER'
    'PHP_SELF' => '/index.php'
    'REQUEST_TIME_FLOAT' => 1521619857.5966
    'REQUEST_TIME' => 1521619857
]
2018-03-21 16:10:57 [127.0.0.1][-][-][error][yii\web\HttpException:404] exception 'yii\base\InvalidRouteException' with message 'Unable to resolve the request "".' in E:\project\blog\vendor\yiisoft\yii2\base\Module.php:537
Stack trace:
#0 E:\project\blog\vendor\yiisoft\yii2\web\Application.php(103): yii\base\Module->runAction('', Array)
#1 E:\project\blog\vendor\yiisoft\yii2\base\Application.php(386): yii\web\Application->handleRequest(Object(yii\web\Request))
#2 E:\project\blog\entrance\www\index.php(14): yii\base\Application->run()
#3 {main}

Next exception 'yii\web\NotFoundHttpException' with message 'Page not found.' in E:\project\blog\vendor\yiisoft\yii2\web\Application.php:115
Stack trace:
#0 E:\project\blog\vendor\yiisoft\yii2\base\Application.php(386): yii\web\Application->handleRequest(Object(yii\web\Request))
#1 E:\project\blog\entrance\www\index.php(14): yii\base\Application->run()
#2 {main}
2018-03-21 16:10:57 [127.0.0.1][-][-][info][application] $_SERVER = [
    'ALLUSERSPROFILE' => 'C:\\ProgramData'
    'APPDATA' => 'C:\\Users\\086\\AppData\\Roaming'
    'AWE_DIR' => 'E:\\software\\Awesomiun\\1.6.6\\'
    'CLASSPATH' => '.;C:\\Program Files\\Java\\jdk1.7.0_51\\lib\\dt.jar;C:\\Program Files\\Java\\jdk1.7.0_51\\lib\\tools.jar'
    'CommonProgramFiles' => 'C:\\Program Files\\Common Files'
    'CommonProgramFiles(x86)' => 'C:\\Program Files (x86)\\Common Files'
    'CommonProgramW6432' => 'C:\\Program Files\\Common Files'
    'COMPUTERNAME' => '053-PC'
    'ComSpec' => 'C:\\WINDOWS\\system32\\cmd.exe'
    'FPS_BROWSER_APP_PROFILE_STRING' => 'Internet Explorer'
    'FPS_BROWSER_USER_PROFILE_STRING' => 'Default'
    'HOMEDRIVE' => 'C:'
    'HOMEPATH' => '\\Users\\086'
    'JAVA_HOME' => 'C:\\Program Files\\Java\\jdk1.7.0_51'
    'LOCALAPPDATA' => 'C:\\Users\\086\\AppData\\Local'
    'LOGONSERVER' => '\\\\053-PC'
    'NUMBER_OF_PROCESSORS' => '4'
    'OneDrive' => 'C:\\Users\\086\\OneDrive'
    'OS' => 'Windows_NT'
    'Path' => 'C:\\WINDOWS\\system32;C:\\WINDOWS;C:\\WINDOWS\\System32\\Wbem;C:\\WINDOWS\\System32\\WindowsPowerShell\\v1.0\\;E:\\software\\svn\\bin;E:\\software\\MySQL\\bin;E:\\wnmp\\php5.5.20;C:\\ProgramData\\ComposerSetup\\bin;D:\\software\\Git\\cmd;C:\\Program Files\\Java\\jdk1.7.0_51\\bin;;C:\\Users\\086\\AppData\\Local\\Microsoft\\WindowsApps;C:\\Users\\086\\AppData\\Roaming\\Composer\\vendor\\bin;E:\\software\\fiddler'
    'PATHEXT' => '.COM;.EXE;.BAT;.CMD;.VBS;.VBE;.JS;.JSE;.WSF;.WSH;.MSC'
    'PROCESSOR_ARCHITECTURE' => 'AMD64'
    'PROCESSOR_IDENTIFIER' => 'Intel64 Family 6 Model 60 Stepping 3, GenuineIntel'
    'PROCESSOR_LEVEL' => '6'
    'PROCESSOR_REVISION' => '3c03'
    'ProgramData' => 'C:\\ProgramData'
    'ProgramFiles' => 'C:\\Program Files'
    'ProgramFiles(x86)' => 'C:\\Program Files (x86)'
    'ProgramW6432' => 'C:\\Program Files'
    'PROMPT' => '$P$G'
    'PSModulePath' => 'C:\\Program Files\\WindowsPowerShell\\Modules;C:\\WINDOWS\\system32\\WindowsPowerShell\\v1.0\\Modules'
    'PUBLIC' => 'C:\\Users\\Public'
    'SESSIONNAME' => 'Console'
    'SystemDrive' => 'C:'
    'SystemRoot' => 'C:\\WINDOWS'
    'TEMP' => 'C:\\Users\\086\\AppData\\Local\\Temp'
    'TMP' => 'C:\\Users\\086\\AppData\\Local\\Temp'
    'USERDOMAIN' => '053-PC'
    'USERDOMAIN_ROAMINGPROFILE' => '053-PC'
    'USERNAME' => '086'
    'USERPROFILE' => 'C:\\Users\\086'
    'VBOX_MSI_INSTALL_PATH' => 'E:\\software\\VM\\'
    'windir' => 'C:\\WINDOWS'
    'HTTP_ACCEPT_LANGUAGE' => 'zh-CN,zh;q=0.9'
    'HTTP_ACCEPT_ENCODING' => 'gzip, deflate'
    'HTTP_ACCEPT' => 'text/html,application/xhtml+xml,application/xml;q=0.9,image/webp,image/apng,*/*;q=0.8'
    'HTTP_USER_AGENT' => 'Mozilla/5.0 (Windows NT 10.0; Win64; x64) AppleWebKit/537.36 (KHTML, like Gecko) Chrome/65.0.3325.162 Safari/537.36'
    'HTTP_UPGRADE_INSECURE_REQUESTS' => '1'
    'HTTP_CACHE_CONTROL' => 'no-cache'
    'HTTP_PRAGMA' => 'no-cache'
    'HTTP_CONNECTION' => 'keep-alive'
    'HTTP_HOST' => 'www.blog.com'
    'REDIRECT_STATUS' => '200'
    'SERVER_NAME' => 'www.blog.com'
    'SERVER_PORT' => '80'
    'SERVER_ADDR' => '127.0.0.1'
    'REMOTE_PORT' => '58179'
    'REMOTE_ADDR' => '127.0.0.1'
    'SERVER_SOFTWARE' => 'nginx/1.7.9'
    'GATEWAY_INTERFACE' => 'CGI/1.1'
    'SERVER_PROTOCOL' => 'HTTP/1.1'
    'DOCUMENT_ROOT' => 'E:\\project\\blog\\entrance\\www'
    'DOCUMENT_URI' => '/index.php'
    'REQUEST_URI' => '/'
    'SCRIPT_NAME' => '/index.php'
    'CONTENT_LENGTH' => ''
    'CONTENT_TYPE' => ''
    'REQUEST_METHOD' => 'GET'
    'QUERY_STRING' => ''
    'SCRIPT_FILENAME' => 'E:\\project\\blog\\entrance\\www/index.php'
    'FCGI_ROLE' => 'RESPONDER'
    'PHP_SELF' => '/index.php'
    'REQUEST_TIME_FLOAT' => 1521619857.7776
    'REQUEST_TIME' => 1521619857
]
2018-03-21 16:10:58 [127.0.0.1][-][-][error][yii\web\HttpException:404] exception 'yii\base\InvalidRouteException' with message 'Unable to resolve the request "".' in E:\project\blog\vendor\yiisoft\yii2\base\Module.php:537
Stack trace:
#0 E:\project\blog\vendor\yiisoft\yii2\web\Application.php(103): yii\base\Module->runAction('', Array)
#1 E:\project\blog\vendor\yiisoft\yii2\base\Application.php(386): yii\web\Application->handleRequest(Object(yii\web\Request))
#2 E:\project\blog\entrance\www\index.php(14): yii\base\Application->run()
#3 {main}

Next exception 'yii\web\NotFoundHttpException' with message 'Page not found.' in E:\project\blog\vendor\yiisoft\yii2\web\Application.php:115
Stack trace:
#0 E:\project\blog\vendor\yiisoft\yii2\base\Application.php(386): yii\web\Application->handleRequest(Object(yii\web\Request))
#1 E:\project\blog\entrance\www\index.php(14): yii\base\Application->run()
#2 {main}
2018-03-21 16:10:57 [127.0.0.1][-][-][info][application] $_SERVER = [
    'ALLUSERSPROFILE' => 'C:\\ProgramData'
    'APPDATA' => 'C:\\Users\\086\\AppData\\Roaming'
    'AWE_DIR' => 'E:\\software\\Awesomiun\\1.6.6\\'
    'CLASSPATH' => '.;C:\\Program Files\\Java\\jdk1.7.0_51\\lib\\dt.jar;C:\\Program Files\\Java\\jdk1.7.0_51\\lib\\tools.jar'
    'CommonProgramFiles' => 'C:\\Program Files\\Common Files'
    'CommonProgramFiles(x86)' => 'C:\\Program Files (x86)\\Common Files'
    'CommonProgramW6432' => 'C:\\Program Files\\Common Files'
    'COMPUTERNAME' => '053-PC'
    'ComSpec' => 'C:\\WINDOWS\\system32\\cmd.exe'
    'FPS_BROWSER_APP_PROFILE_STRING' => 'Internet Explorer'
    'FPS_BROWSER_USER_PROFILE_STRING' => 'Default'
    'HOMEDRIVE' => 'C:'
    'HOMEPATH' => '\\Users\\086'
    'JAVA_HOME' => 'C:\\Program Files\\Java\\jdk1.7.0_51'
    'LOCALAPPDATA' => 'C:\\Users\\086\\AppData\\Local'
    'LOGONSERVER' => '\\\\053-PC'
    'NUMBER_OF_PROCESSORS' => '4'
    'OneDrive' => 'C:\\Users\\086\\OneDrive'
    'OS' => 'Windows_NT'
    'Path' => 'C:\\WINDOWS\\system32;C:\\WINDOWS;C:\\WINDOWS\\System32\\Wbem;C:\\WINDOWS\\System32\\WindowsPowerShell\\v1.0\\;E:\\software\\svn\\bin;E:\\software\\MySQL\\bin;E:\\wnmp\\php5.5.20;C:\\ProgramData\\ComposerSetup\\bin;D:\\software\\Git\\cmd;C:\\Program Files\\Java\\jdk1.7.0_51\\bin;;C:\\Users\\086\\AppData\\Local\\Microsoft\\WindowsApps;C:\\Users\\086\\AppData\\Roaming\\Composer\\vendor\\bin;E:\\software\\fiddler'
    'PATHEXT' => '.COM;.EXE;.BAT;.CMD;.VBS;.VBE;.JS;.JSE;.WSF;.WSH;.MSC'
    'PROCESSOR_ARCHITECTURE' => 'AMD64'
    'PROCESSOR_IDENTIFIER' => 'Intel64 Family 6 Model 60 Stepping 3, GenuineIntel'
    'PROCESSOR_LEVEL' => '6'
    'PROCESSOR_REVISION' => '3c03'
    'ProgramData' => 'C:\\ProgramData'
    'ProgramFiles' => 'C:\\Program Files'
    'ProgramFiles(x86)' => 'C:\\Program Files (x86)'
    'ProgramW6432' => 'C:\\Program Files'
    'PROMPT' => '$P$G'
    'PSModulePath' => 'C:\\Program Files\\WindowsPowerShell\\Modules;C:\\WINDOWS\\system32\\WindowsPowerShell\\v1.0\\Modules'
    'PUBLIC' => 'C:\\Users\\Public'
    'SESSIONNAME' => 'Console'
    'SystemDrive' => 'C:'
    'SystemRoot' => 'C:\\WINDOWS'
    'TEMP' => 'C:\\Users\\086\\AppData\\Local\\Temp'
    'TMP' => 'C:\\Users\\086\\AppData\\Local\\Temp'
    'USERDOMAIN' => '053-PC'
    'USERDOMAIN_ROAMINGPROFILE' => '053-PC'
    'USERNAME' => '086'
    'USERPROFILE' => 'C:\\Users\\086'
    'VBOX_MSI_INSTALL_PATH' => 'E:\\software\\VM\\'
    'windir' => 'C:\\WINDOWS'
    'HTTP_ACCEPT_LANGUAGE' => 'zh-CN,zh;q=0.9'
    'HTTP_ACCEPT_ENCODING' => 'gzip, deflate'
    'HTTP_ACCEPT' => 'text/html,application/xhtml+xml,application/xml;q=0.9,image/webp,image/apng,*/*;q=0.8'
    'HTTP_USER_AGENT' => 'Mozilla/5.0 (Windows NT 10.0; Win64; x64) AppleWebKit/537.36 (KHTML, like Gecko) Chrome/65.0.3325.162 Safari/537.36'
    'HTTP_UPGRADE_INSECURE_REQUESTS' => '1'
    'HTTP_CACHE_CONTROL' => 'no-cache'
    'HTTP_PRAGMA' => 'no-cache'
    'HTTP_CONNECTION' => 'keep-alive'
    'HTTP_HOST' => 'www.blog.com'
    'REDIRECT_STATUS' => '200'
    'SERVER_NAME' => 'www.blog.com'
    'SERVER_PORT' => '80'
    'SERVER_ADDR' => '127.0.0.1'
    'REMOTE_PORT' => '58179'
    'REMOTE_ADDR' => '127.0.0.1'
    'SERVER_SOFTWARE' => 'nginx/1.7.9'
    'GATEWAY_INTERFACE' => 'CGI/1.1'
    'SERVER_PROTOCOL' => 'HTTP/1.1'
    'DOCUMENT_ROOT' => 'E:\\project\\blog\\entrance\\www'
    'DOCUMENT_URI' => '/index.php'
    'REQUEST_URI' => '/'
    'SCRIPT_NAME' => '/index.php'
    'CONTENT_LENGTH' => ''
    'CONTENT_TYPE' => ''
    'REQUEST_METHOD' => 'GET'
    'QUERY_STRING' => ''
    'SCRIPT_FILENAME' => 'E:\\project\\blog\\entrance\\www/index.php'
    'FCGI_ROLE' => 'RESPONDER'
    'PHP_SELF' => '/index.php'
    'REQUEST_TIME_FLOAT' => 1521619857.9679
    'REQUEST_TIME' => 1521619857
]
2018-03-21 16:10:58 [127.0.0.1][-][-][error][yii\web\HttpException:404] exception 'yii\base\InvalidRouteException' with message 'Unable to resolve the request "".' in E:\project\blog\vendor\yiisoft\yii2\base\Module.php:537
Stack trace:
#0 E:\project\blog\vendor\yiisoft\yii2\web\Application.php(103): yii\base\Module->runAction('', Array)
#1 E:\project\blog\vendor\yiisoft\yii2\base\Application.php(386): yii\web\Application->handleRequest(Object(yii\web\Request))
#2 E:\project\blog\entrance\www\index.php(14): yii\base\Application->run()
#3 {main}

Next exception 'yii\web\NotFoundHttpException' with message 'Page not found.' in E:\project\blog\vendor\yiisoft\yii2\web\Application.php:115
Stack trace:
#0 E:\project\blog\vendor\yiisoft\yii2\base\Application.php(386): yii\web\Application->handleRequest(Object(yii\web\Request))
#1 E:\project\blog\entrance\www\index.php(14): yii\base\Application->run()
#2 {main}
2018-03-21 16:10:58 [127.0.0.1][-][-][info][application] $_SERVER = [
    'ALLUSERSPROFILE' => 'C:\\ProgramData'
    'APPDATA' => 'C:\\Users\\086\\AppData\\Roaming'
    'AWE_DIR' => 'E:\\software\\Awesomiun\\1.6.6\\'
    'CLASSPATH' => '.;C:\\Program Files\\Java\\jdk1.7.0_51\\lib\\dt.jar;C:\\Program Files\\Java\\jdk1.7.0_51\\lib\\tools.jar'
    'CommonProgramFiles' => 'C:\\Program Files\\Common Files'
    'CommonProgramFiles(x86)' => 'C:\\Program Files (x86)\\Common Files'
    'CommonProgramW6432' => 'C:\\Program Files\\Common Files'
    'COMPUTERNAME' => '053-PC'
    'ComSpec' => 'C:\\WINDOWS\\system32\\cmd.exe'
    'FPS_BROWSER_APP_PROFILE_STRING' => 'Internet Explorer'
    'FPS_BROWSER_USER_PROFILE_STRING' => 'Default'
    'HOMEDRIVE' => 'C:'
    'HOMEPATH' => '\\Users\\086'
    'JAVA_HOME' => 'C:\\Program Files\\Java\\jdk1.7.0_51'
    'LOCALAPPDATA' => 'C:\\Users\\086\\AppData\\Local'
    'LOGONSERVER' => '\\\\053-PC'
    'NUMBER_OF_PROCESSORS' => '4'
    'OneDrive' => 'C:\\Users\\086\\OneDrive'
    'OS' => 'Windows_NT'
    'Path' => 'C:\\WINDOWS\\system32;C:\\WINDOWS;C:\\WINDOWS\\System32\\Wbem;C:\\WINDOWS\\System32\\WindowsPowerShell\\v1.0\\;E:\\software\\svn\\bin;E:\\software\\MySQL\\bin;E:\\wnmp\\php5.5.20;C:\\ProgramData\\ComposerSetup\\bin;D:\\software\\Git\\cmd;C:\\Program Files\\Java\\jdk1.7.0_51\\bin;;C:\\Users\\086\\AppData\\Local\\Microsoft\\WindowsApps;C:\\Users\\086\\AppData\\Roaming\\Composer\\vendor\\bin;E:\\software\\fiddler'
    'PATHEXT' => '.COM;.EXE;.BAT;.CMD;.VBS;.VBE;.JS;.JSE;.WSF;.WSH;.MSC'
    'PROCESSOR_ARCHITECTURE' => 'AMD64'
    'PROCESSOR_IDENTIFIER' => 'Intel64 Family 6 Model 60 Stepping 3, GenuineIntel'
    'PROCESSOR_LEVEL' => '6'
    'PROCESSOR_REVISION' => '3c03'
    'ProgramData' => 'C:\\ProgramData'
    'ProgramFiles' => 'C:\\Program Files'
    'ProgramFiles(x86)' => 'C:\\Program Files (x86)'
    'ProgramW6432' => 'C:\\Program Files'
    'PROMPT' => '$P$G'
    'PSModulePath' => 'C:\\Program Files\\WindowsPowerShell\\Modules;C:\\WINDOWS\\system32\\WindowsPowerShell\\v1.0\\Modules'
    'PUBLIC' => 'C:\\Users\\Public'
    'SESSIONNAME' => 'Console'
    'SystemDrive' => 'C:'
    'SystemRoot' => 'C:\\WINDOWS'
    'TEMP' => 'C:\\Users\\086\\AppData\\Local\\Temp'
    'TMP' => 'C:\\Users\\086\\AppData\\Local\\Temp'
    'USERDOMAIN' => '053-PC'
    'USERDOMAIN_ROAMINGPROFILE' => '053-PC'
    'USERNAME' => '086'
    'USERPROFILE' => 'C:\\Users\\086'
    'VBOX_MSI_INSTALL_PATH' => 'E:\\software\\VM\\'
    'windir' => 'C:\\WINDOWS'
    'HTTP_ACCEPT_LANGUAGE' => 'zh-CN,zh;q=0.9'
    'HTTP_ACCEPT_ENCODING' => 'gzip, deflate'
    'HTTP_ACCEPT' => 'text/html,application/xhtml+xml,application/xml;q=0.9,image/webp,image/apng,*/*;q=0.8'
    'HTTP_USER_AGENT' => 'Mozilla/5.0 (Windows NT 10.0; Win64; x64) AppleWebKit/537.36 (KHTML, like Gecko) Chrome/65.0.3325.162 Safari/537.36'
    'HTTP_UPGRADE_INSECURE_REQUESTS' => '1'
    'HTTP_CACHE_CONTROL' => 'no-cache'
    'HTTP_PRAGMA' => 'no-cache'
    'HTTP_CONNECTION' => 'keep-alive'
    'HTTP_HOST' => 'www.blog.com'
    'REDIRECT_STATUS' => '200'
    'SERVER_NAME' => 'www.blog.com'
    'SERVER_PORT' => '80'
    'SERVER_ADDR' => '127.0.0.1'
    'REMOTE_PORT' => '58172'
    'REMOTE_ADDR' => '127.0.0.1'
    'SERVER_SOFTWARE' => 'nginx/1.7.9'
    'GATEWAY_INTERFACE' => 'CGI/1.1'
    'SERVER_PROTOCOL' => 'HTTP/1.1'
    'DOCUMENT_ROOT' => 'E:\\project\\blog\\entrance\\www'
    'DOCUMENT_URI' => '/index.php'
    'REQUEST_URI' => '/'
    'SCRIPT_NAME' => '/index.php'
    'CONTENT_LENGTH' => ''
    'CONTENT_TYPE' => ''
    'REQUEST_METHOD' => 'GET'
    'QUERY_STRING' => ''
    'SCRIPT_FILENAME' => 'E:\\project\\blog\\entrance\\www/index.php'
    'FCGI_ROLE' => 'RESPONDER'
    'PHP_SELF' => '/index.php'
    'REQUEST_TIME_FLOAT' => 1521619858.1485
    'REQUEST_TIME' => 1521619858
]
2018-03-21 16:10:58 [127.0.0.1][-][-][error][yii\web\HttpException:404] exception 'yii\base\InvalidRouteException' with message 'Unable to resolve the request "".' in E:\project\blog\vendor\yiisoft\yii2\base\Module.php:537
Stack trace:
#0 E:\project\blog\vendor\yiisoft\yii2\web\Application.php(103): yii\base\Module->runAction('', Array)
#1 E:\project\blog\vendor\yiisoft\yii2\base\Application.php(386): yii\web\Application->handleRequest(Object(yii\web\Request))
#2 E:\project\blog\entrance\www\index.php(14): yii\base\Application->run()
#3 {main}

Next exception 'yii\web\NotFoundHttpException' with message 'Page not found.' in E:\project\blog\vendor\yiisoft\yii2\web\Application.php:115
Stack trace:
#0 E:\project\blog\vendor\yiisoft\yii2\base\Application.php(386): yii\web\Application->handleRequest(Object(yii\web\Request))
#1 E:\project\blog\entrance\www\index.php(14): yii\base\Application->run()
#2 {main}
2018-03-21 16:10:58 [127.0.0.1][-][-][info][application] $_SERVER = [
    'ALLUSERSPROFILE' => 'C:\\ProgramData'
    'APPDATA' => 'C:\\Users\\086\\AppData\\Roaming'
    'AWE_DIR' => 'E:\\software\\Awesomiun\\1.6.6\\'
    'CLASSPATH' => '.;C:\\Program Files\\Java\\jdk1.7.0_51\\lib\\dt.jar;C:\\Program Files\\Java\\jdk1.7.0_51\\lib\\tools.jar'
    'CommonProgramFiles' => 'C:\\Program Files\\Common Files'
    'CommonProgramFiles(x86)' => 'C:\\Program Files (x86)\\Common Files'
    'CommonProgramW6432' => 'C:\\Program Files\\Common Files'
    'COMPUTERNAME' => '053-PC'
    'ComSpec' => 'C:\\WINDOWS\\system32\\cmd.exe'
    'FPS_BROWSER_APP_PROFILE_STRING' => 'Internet Explorer'
    'FPS_BROWSER_USER_PROFILE_STRING' => 'Default'
    'HOMEDRIVE' => 'C:'
    'HOMEPATH' => '\\Users\\086'
    'JAVA_HOME' => 'C:\\Program Files\\Java\\jdk1.7.0_51'
    'LOCALAPPDATA' => 'C:\\Users\\086\\AppData\\Local'
    'LOGONSERVER' => '\\\\053-PC'
    'NUMBER_OF_PROCESSORS' => '4'
    'OneDrive' => 'C:\\Users\\086\\OneDrive'
    'OS' => 'Windows_NT'
    'Path' => 'C:\\WINDOWS\\system32;C:\\WINDOWS;C:\\WINDOWS\\System32\\Wbem;C:\\WINDOWS\\System32\\WindowsPowerShell\\v1.0\\;E:\\software\\svn\\bin;E:\\software\\MySQL\\bin;E:\\wnmp\\php5.5.20;C:\\ProgramData\\ComposerSetup\\bin;D:\\software\\Git\\cmd;C:\\Program Files\\Java\\jdk1.7.0_51\\bin;;C:\\Users\\086\\AppData\\Local\\Microsoft\\WindowsApps;C:\\Users\\086\\AppData\\Roaming\\Composer\\vendor\\bin;E:\\software\\fiddler'
    'PATHEXT' => '.COM;.EXE;.BAT;.CMD;.VBS;.VBE;.JS;.JSE;.WSF;.WSH;.MSC'
    'PROCESSOR_ARCHITECTURE' => 'AMD64'
    'PROCESSOR_IDENTIFIER' => 'Intel64 Family 6 Model 60 Stepping 3, GenuineIntel'
    'PROCESSOR_LEVEL' => '6'
    'PROCESSOR_REVISION' => '3c03'
    'ProgramData' => 'C:\\ProgramData'
    'ProgramFiles' => 'C:\\Program Files'
    'ProgramFiles(x86)' => 'C:\\Program Files (x86)'
    'ProgramW6432' => 'C:\\Program Files'
    'PROMPT' => '$P$G'
    'PSModulePath' => 'C:\\Program Files\\WindowsPowerShell\\Modules;C:\\WINDOWS\\system32\\WindowsPowerShell\\v1.0\\Modules'
    'PUBLIC' => 'C:\\Users\\Public'
    'SESSIONNAME' => 'Console'
    'SystemDrive' => 'C:'
    'SystemRoot' => 'C:\\WINDOWS'
    'TEMP' => 'C:\\Users\\086\\AppData\\Local\\Temp'
    'TMP' => 'C:\\Users\\086\\AppData\\Local\\Temp'
    'USERDOMAIN' => '053-PC'
    'USERDOMAIN_ROAMINGPROFILE' => '053-PC'
    'USERNAME' => '086'
    'USERPROFILE' => 'C:\\Users\\086'
    'VBOX_MSI_INSTALL_PATH' => 'E:\\software\\VM\\'
    'windir' => 'C:\\WINDOWS'
    'HTTP_ACCEPT_LANGUAGE' => 'zh-CN,zh;q=0.9'
    'HTTP_ACCEPT_ENCODING' => 'gzip, deflate'
    'HTTP_ACCEPT' => 'text/html,application/xhtml+xml,application/xml;q=0.9,image/webp,image/apng,*/*;q=0.8'
    'HTTP_USER_AGENT' => 'Mozilla/5.0 (Windows NT 10.0; Win64; x64) AppleWebKit/537.36 (KHTML, like Gecko) Chrome/65.0.3325.162 Safari/537.36'
    'HTTP_UPGRADE_INSECURE_REQUESTS' => '1'
    'HTTP_CACHE_CONTROL' => 'no-cache'
    'HTTP_PRAGMA' => 'no-cache'
    'HTTP_CONNECTION' => 'keep-alive'
    'HTTP_HOST' => 'www.blog.com'
    'REDIRECT_STATUS' => '200'
    'SERVER_NAME' => 'www.blog.com'
    'SERVER_PORT' => '80'
    'SERVER_ADDR' => '127.0.0.1'
    'REMOTE_PORT' => '58179'
    'REMOTE_ADDR' => '127.0.0.1'
    'SERVER_SOFTWARE' => 'nginx/1.7.9'
    'GATEWAY_INTERFACE' => 'CGI/1.1'
    'SERVER_PROTOCOL' => 'HTTP/1.1'
    'DOCUMENT_ROOT' => 'E:\\project\\blog\\entrance\\www'
    'DOCUMENT_URI' => '/index.php'
    'REQUEST_URI' => '/'
    'SCRIPT_NAME' => '/index.php'
    'CONTENT_LENGTH' => ''
    'CONTENT_TYPE' => ''
    'REQUEST_METHOD' => 'GET'
    'QUERY_STRING' => ''
    'SCRIPT_FILENAME' => 'E:\\project\\blog\\entrance\\www/index.php'
    'FCGI_ROLE' => 'RESPONDER'
    'PHP_SELF' => '/index.php'
    'REQUEST_TIME_FLOAT' => 1521619858.3286
    'REQUEST_TIME' => 1521619858
]
2018-03-21 16:10:58 [127.0.0.1][-][-][error][yii\web\HttpException:404] exception 'yii\base\InvalidRouteException' with message 'Unable to resolve the request "".' in E:\project\blog\vendor\yiisoft\yii2\base\Module.php:537
Stack trace:
#0 E:\project\blog\vendor\yiisoft\yii2\web\Application.php(103): yii\base\Module->runAction('', Array)
#1 E:\project\blog\vendor\yiisoft\yii2\base\Application.php(386): yii\web\Application->handleRequest(Object(yii\web\Request))
#2 E:\project\blog\entrance\www\index.php(14): yii\base\Application->run()
#3 {main}

Next exception 'yii\web\NotFoundHttpException' with message 'Page not found.' in E:\project\blog\vendor\yiisoft\yii2\web\Application.php:115
Stack trace:
#0 E:\project\blog\vendor\yiisoft\yii2\base\Application.php(386): yii\web\Application->handleRequest(Object(yii\web\Request))
#1 E:\project\blog\entrance\www\index.php(14): yii\base\Application->run()
#2 {main}
2018-03-21 16:10:58 [127.0.0.1][-][-][info][application] $_SERVER = [
    'ALLUSERSPROFILE' => 'C:\\ProgramData'
    'APPDATA' => 'C:\\Users\\086\\AppData\\Roaming'
    'AWE_DIR' => 'E:\\software\\Awesomiun\\1.6.6\\'
    'CLASSPATH' => '.;C:\\Program Files\\Java\\jdk1.7.0_51\\lib\\dt.jar;C:\\Program Files\\Java\\jdk1.7.0_51\\lib\\tools.jar'
    'CommonProgramFiles' => 'C:\\Program Files\\Common Files'
    'CommonProgramFiles(x86)' => 'C:\\Program Files (x86)\\Common Files'
    'CommonProgramW6432' => 'C:\\Program Files\\Common Files'
    'COMPUTERNAME' => '053-PC'
    'ComSpec' => 'C:\\WINDOWS\\system32\\cmd.exe'
    'FPS_BROWSER_APP_PROFILE_STRING' => 'Internet Explorer'
    'FPS_BROWSER_USER_PROFILE_STRING' => 'Default'
    'HOMEDRIVE' => 'C:'
    'HOMEPATH' => '\\Users\\086'
    'JAVA_HOME' => 'C:\\Program Files\\Java\\jdk1.7.0_51'
    'LOCALAPPDATA' => 'C:\\Users\\086\\AppData\\Local'
    'LOGONSERVER' => '\\\\053-PC'
    'NUMBER_OF_PROCESSORS' => '4'
    'OneDrive' => 'C:\\Users\\086\\OneDrive'
    'OS' => 'Windows_NT'
    'Path' => 'C:\\WINDOWS\\system32;C:\\WINDOWS;C:\\WINDOWS\\System32\\Wbem;C:\\WINDOWS\\System32\\WindowsPowerShell\\v1.0\\;E:\\software\\svn\\bin;E:\\software\\MySQL\\bin;E:\\wnmp\\php5.5.20;C:\\ProgramData\\ComposerSetup\\bin;D:\\software\\Git\\cmd;C:\\Program Files\\Java\\jdk1.7.0_51\\bin;;C:\\Users\\086\\AppData\\Local\\Microsoft\\WindowsApps;C:\\Users\\086\\AppData\\Roaming\\Composer\\vendor\\bin;E:\\software\\fiddler'
    'PATHEXT' => '.COM;.EXE;.BAT;.CMD;.VBS;.VBE;.JS;.JSE;.WSF;.WSH;.MSC'
    'PROCESSOR_ARCHITECTURE' => 'AMD64'
    'PROCESSOR_IDENTIFIER' => 'Intel64 Family 6 Model 60 Stepping 3, GenuineIntel'
    'PROCESSOR_LEVEL' => '6'
    'PROCESSOR_REVISION' => '3c03'
    'ProgramData' => 'C:\\ProgramData'
    'ProgramFiles' => 'C:\\Program Files'
    'ProgramFiles(x86)' => 'C:\\Program Files (x86)'
    'ProgramW6432' => 'C:\\Program Files'
    'PROMPT' => '$P$G'
    'PSModulePath' => 'C:\\Program Files\\WindowsPowerShell\\Modules;C:\\WINDOWS\\system32\\WindowsPowerShell\\v1.0\\Modules'
    'PUBLIC' => 'C:\\Users\\Public'
    'SESSIONNAME' => 'Console'
    'SystemDrive' => 'C:'
    'SystemRoot' => 'C:\\WINDOWS'
    'TEMP' => 'C:\\Users\\086\\AppData\\Local\\Temp'
    'TMP' => 'C:\\Users\\086\\AppData\\Local\\Temp'
    'USERDOMAIN' => '053-PC'
    'USERDOMAIN_ROAMINGPROFILE' => '053-PC'
    'USERNAME' => '086'
    'USERPROFILE' => 'C:\\Users\\086'
    'VBOX_MSI_INSTALL_PATH' => 'E:\\software\\VM\\'
    'windir' => 'C:\\WINDOWS'
    'HTTP_ACCEPT_LANGUAGE' => 'zh-CN,zh;q=0.9'
    'HTTP_ACCEPT_ENCODING' => 'gzip, deflate'
    'HTTP_ACCEPT' => 'text/html,application/xhtml+xml,application/xml;q=0.9,image/webp,image/apng,*/*;q=0.8'
    'HTTP_USER_AGENT' => 'Mozilla/5.0 (Windows NT 10.0; Win64; x64) AppleWebKit/537.36 (KHTML, like Gecko) Chrome/65.0.3325.162 Safari/537.36'
    'HTTP_UPGRADE_INSECURE_REQUESTS' => '1'
    'HTTP_CACHE_CONTROL' => 'no-cache'
    'HTTP_PRAGMA' => 'no-cache'
    'HTTP_CONNECTION' => 'keep-alive'
    'HTTP_HOST' => 'www.blog.com'
    'REDIRECT_STATUS' => '200'
    'SERVER_NAME' => 'www.blog.com'
    'SERVER_PORT' => '80'
    'SERVER_ADDR' => '127.0.0.1'
    'REMOTE_PORT' => '58179'
    'REMOTE_ADDR' => '127.0.0.1'
    'SERVER_SOFTWARE' => 'nginx/1.7.9'
    'GATEWAY_INTERFACE' => 'CGI/1.1'
    'SERVER_PROTOCOL' => 'HTTP/1.1'
    'DOCUMENT_ROOT' => 'E:\\project\\blog\\entrance\\www'
    'DOCUMENT_URI' => '/index.php'
    'REQUEST_URI' => '/'
    'SCRIPT_NAME' => '/index.php'
    'CONTENT_LENGTH' => ''
    'CONTENT_TYPE' => ''
    'REQUEST_METHOD' => 'GET'
    'QUERY_STRING' => ''
    'SCRIPT_FILENAME' => 'E:\\project\\blog\\entrance\\www/index.php'
    'FCGI_ROLE' => 'RESPONDER'
    'PHP_SELF' => '/index.php'
    'REQUEST_TIME_FLOAT' => 1521619858.581
    'REQUEST_TIME' => 1521619858
]
2018-03-21 16:10:58 [127.0.0.1][-][-][error][yii\web\HttpException:404] exception 'yii\base\InvalidRouteException' with message 'Unable to resolve the request "".' in E:\project\blog\vendor\yiisoft\yii2\base\Module.php:537
Stack trace:
#0 E:\project\blog\vendor\yiisoft\yii2\web\Application.php(103): yii\base\Module->runAction('', Array)
#1 E:\project\blog\vendor\yiisoft\yii2\base\Application.php(386): yii\web\Application->handleRequest(Object(yii\web\Request))
#2 E:\project\blog\entrance\www\index.php(14): yii\base\Application->run()
#3 {main}

Next exception 'yii\web\NotFoundHttpException' with message 'Page not found.' in E:\project\blog\vendor\yiisoft\yii2\web\Application.php:115
Stack trace:
#0 E:\project\blog\vendor\yiisoft\yii2\base\Application.php(386): yii\web\Application->handleRequest(Object(yii\web\Request))
#1 E:\project\blog\entrance\www\index.php(14): yii\base\Application->run()
#2 {main}
2018-03-21 16:10:58 [127.0.0.1][-][-][info][application] $_SERVER = [
    'ALLUSERSPROFILE' => 'C:\\ProgramData'
    'APPDATA' => 'C:\\Users\\086\\AppData\\Roaming'
    'AWE_DIR' => 'E:\\software\\Awesomiun\\1.6.6\\'
    'CLASSPATH' => '.;C:\\Program Files\\Java\\jdk1.7.0_51\\lib\\dt.jar;C:\\Program Files\\Java\\jdk1.7.0_51\\lib\\tools.jar'
    'CommonProgramFiles' => 'C:\\Program Files\\Common Files'
    'CommonProgramFiles(x86)' => 'C:\\Program Files (x86)\\Common Files'
    'CommonProgramW6432' => 'C:\\Program Files\\Common Files'
    'COMPUTERNAME' => '053-PC'
    'ComSpec' => 'C:\\WINDOWS\\system32\\cmd.exe'
    'FPS_BROWSER_APP_PROFILE_STRING' => 'Internet Explorer'
    'FPS_BROWSER_USER_PROFILE_STRING' => 'Default'
    'HOMEDRIVE' => 'C:'
    'HOMEPATH' => '\\Users\\086'
    'JAVA_HOME' => 'C:\\Program Files\\Java\\jdk1.7.0_51'
    'LOCALAPPDATA' => 'C:\\Users\\086\\AppData\\Local'
    'LOGONSERVER' => '\\\\053-PC'
    'NUMBER_OF_PROCESSORS' => '4'
    'OneDrive' => 'C:\\Users\\086\\OneDrive'
    'OS' => 'Windows_NT'
    'Path' => 'C:\\WINDOWS\\system32;C:\\WINDOWS;C:\\WINDOWS\\System32\\Wbem;C:\\WINDOWS\\System32\\WindowsPowerShell\\v1.0\\;E:\\software\\svn\\bin;E:\\software\\MySQL\\bin;E:\\wnmp\\php5.5.20;C:\\ProgramData\\ComposerSetup\\bin;D:\\software\\Git\\cmd;C:\\Program Files\\Java\\jdk1.7.0_51\\bin;;C:\\Users\\086\\AppData\\Local\\Microsoft\\WindowsApps;C:\\Users\\086\\AppData\\Roaming\\Composer\\vendor\\bin;E:\\software\\fiddler'
    'PATHEXT' => '.COM;.EXE;.BAT;.CMD;.VBS;.VBE;.JS;.JSE;.WSF;.WSH;.MSC'
    'PROCESSOR_ARCHITECTURE' => 'AMD64'
    'PROCESSOR_IDENTIFIER' => 'Intel64 Family 6 Model 60 Stepping 3, GenuineIntel'
    'PROCESSOR_LEVEL' => '6'
    'PROCESSOR_REVISION' => '3c03'
    'ProgramData' => 'C:\\ProgramData'
    'ProgramFiles' => 'C:\\Program Files'
    'ProgramFiles(x86)' => 'C:\\Program Files (x86)'
    'ProgramW6432' => 'C:\\Program Files'
    'PROMPT' => '$P$G'
    'PSModulePath' => 'C:\\Program Files\\WindowsPowerShell\\Modules;C:\\WINDOWS\\system32\\WindowsPowerShell\\v1.0\\Modules'
    'PUBLIC' => 'C:\\Users\\Public'
    'SESSIONNAME' => 'Console'
    'SystemDrive' => 'C:'
    'SystemRoot' => 'C:\\WINDOWS'
    'TEMP' => 'C:\\Users\\086\\AppData\\Local\\Temp'
    'TMP' => 'C:\\Users\\086\\AppData\\Local\\Temp'
    'USERDOMAIN' => '053-PC'
    'USERDOMAIN_ROAMINGPROFILE' => '053-PC'
    'USERNAME' => '086'
    'USERPROFILE' => 'C:\\Users\\086'
    'VBOX_MSI_INSTALL_PATH' => 'E:\\software\\VM\\'
    'windir' => 'C:\\WINDOWS'
    'HTTP_ACCEPT_LANGUAGE' => 'zh-CN,zh;q=0.9'
    'HTTP_ACCEPT_ENCODING' => 'gzip, deflate'
    'HTTP_ACCEPT' => 'text/html,application/xhtml+xml,application/xml;q=0.9,image/webp,image/apng,*/*;q=0.8'
    'HTTP_USER_AGENT' => 'Mozilla/5.0 (Windows NT 10.0; Win64; x64) AppleWebKit/537.36 (KHTML, like Gecko) Chrome/65.0.3325.162 Safari/537.36'
    'HTTP_UPGRADE_INSECURE_REQUESTS' => '1'
    'HTTP_CACHE_CONTROL' => 'no-cache'
    'HTTP_PRAGMA' => 'no-cache'
    'HTTP_CONNECTION' => 'keep-alive'
    'HTTP_HOST' => 'www.blog.com'
    'REDIRECT_STATUS' => '200'
    'SERVER_NAME' => 'www.blog.com'
    'SERVER_PORT' => '80'
    'SERVER_ADDR' => '127.0.0.1'
    'REMOTE_PORT' => '58179'
    'REMOTE_ADDR' => '127.0.0.1'
    'SERVER_SOFTWARE' => 'nginx/1.7.9'
    'GATEWAY_INTERFACE' => 'CGI/1.1'
    'SERVER_PROTOCOL' => 'HTTP/1.1'
    'DOCUMENT_ROOT' => 'E:\\project\\blog\\entrance\\www'
    'DOCUMENT_URI' => '/index.php'
    'REQUEST_URI' => '/'
    'SCRIPT_NAME' => '/index.php'
    'CONTENT_LENGTH' => ''
    'CONTENT_TYPE' => ''
    'REQUEST_METHOD' => 'GET'
    'QUERY_STRING' => ''
    'SCRIPT_FILENAME' => 'E:\\project\\blog\\entrance\\www/index.php'
    'FCGI_ROLE' => 'RESPONDER'
    'PHP_SELF' => '/index.php'
    'REQUEST_TIME_FLOAT' => 1521619858.758
    'REQUEST_TIME' => 1521619858
]
2018-03-21 16:10:58 [127.0.0.1][-][-][error][yii\web\HttpException:404] exception 'yii\base\InvalidRouteException' with message 'Unable to resolve the request "".' in E:\project\blog\vendor\yiisoft\yii2\base\Module.php:537
Stack trace:
#0 E:\project\blog\vendor\yiisoft\yii2\web\Application.php(103): yii\base\Module->runAction('', Array)
#1 E:\project\blog\vendor\yiisoft\yii2\base\Application.php(386): yii\web\Application->handleRequest(Object(yii\web\Request))
#2 E:\project\blog\entrance\www\index.php(14): yii\base\Application->run()
#3 {main}

Next exception 'yii\web\NotFoundHttpException' with message 'Page not found.' in E:\project\blog\vendor\yiisoft\yii2\web\Application.php:115
Stack trace:
#0 E:\project\blog\vendor\yiisoft\yii2\base\Application.php(386): yii\web\Application->handleRequest(Object(yii\web\Request))
#1 E:\project\blog\entrance\www\index.php(14): yii\base\Application->run()
#2 {main}
2018-03-21 16:10:58 [127.0.0.1][-][-][info][application] $_SERVER = [
    'ALLUSERSPROFILE' => 'C:\\ProgramData'
    'APPDATA' => 'C:\\Users\\086\\AppData\\Roaming'
    'AWE_DIR' => 'E:\\software\\Awesomiun\\1.6.6\\'
    'CLASSPATH' => '.;C:\\Program Files\\Java\\jdk1.7.0_51\\lib\\dt.jar;C:\\Program Files\\Java\\jdk1.7.0_51\\lib\\tools.jar'
    'CommonProgramFiles' => 'C:\\Program Files\\Common Files'
    'CommonProgramFiles(x86)' => 'C:\\Program Files (x86)\\Common Files'
    'CommonProgramW6432' => 'C:\\Program Files\\Common Files'
    'COMPUTERNAME' => '053-PC'
    'ComSpec' => 'C:\\WINDOWS\\system32\\cmd.exe'
    'FPS_BROWSER_APP_PROFILE_STRING' => 'Internet Explorer'
    'FPS_BROWSER_USER_PROFILE_STRING' => 'Default'
    'HOMEDRIVE' => 'C:'
    'HOMEPATH' => '\\Users\\086'
    'JAVA_HOME' => 'C:\\Program Files\\Java\\jdk1.7.0_51'
    'LOCALAPPDATA' => 'C:\\Users\\086\\AppData\\Local'
    'LOGONSERVER' => '\\\\053-PC'
    'NUMBER_OF_PROCESSORS' => '4'
    'OneDrive' => 'C:\\Users\\086\\OneDrive'
    'OS' => 'Windows_NT'
    'Path' => 'C:\\WINDOWS\\system32;C:\\WINDOWS;C:\\WINDOWS\\System32\\Wbem;C:\\WINDOWS\\System32\\WindowsPowerShell\\v1.0\\;E:\\software\\svn\\bin;E:\\software\\MySQL\\bin;E:\\wnmp\\php5.5.20;C:\\ProgramData\\ComposerSetup\\bin;D:\\software\\Git\\cmd;C:\\Program Files\\Java\\jdk1.7.0_51\\bin;;C:\\Users\\086\\AppData\\Local\\Microsoft\\WindowsApps;C:\\Users\\086\\AppData\\Roaming\\Composer\\vendor\\bin;E:\\software\\fiddler'
    'PATHEXT' => '.COM;.EXE;.BAT;.CMD;.VBS;.VBE;.JS;.JSE;.WSF;.WSH;.MSC'
    'PROCESSOR_ARCHITECTURE' => 'AMD64'
    'PROCESSOR_IDENTIFIER' => 'Intel64 Family 6 Model 60 Stepping 3, GenuineIntel'
    'PROCESSOR_LEVEL' => '6'
    'PROCESSOR_REVISION' => '3c03'
    'ProgramData' => 'C:\\ProgramData'
    'ProgramFiles' => 'C:\\Program Files'
    'ProgramFiles(x86)' => 'C:\\Program Files (x86)'
    'ProgramW6432' => 'C:\\Program Files'
    'PROMPT' => '$P$G'
    'PSModulePath' => 'C:\\Program Files\\WindowsPowerShell\\Modules;C:\\WINDOWS\\system32\\WindowsPowerShell\\v1.0\\Modules'
    'PUBLIC' => 'C:\\Users\\Public'
    'SESSIONNAME' => 'Console'
    'SystemDrive' => 'C:'
    'SystemRoot' => 'C:\\WINDOWS'
    'TEMP' => 'C:\\Users\\086\\AppData\\Local\\Temp'
    'TMP' => 'C:\\Users\\086\\AppData\\Local\\Temp'
    'USERDOMAIN' => '053-PC'
    'USERDOMAIN_ROAMINGPROFILE' => '053-PC'
    'USERNAME' => '086'
    'USERPROFILE' => 'C:\\Users\\086'
    'VBOX_MSI_INSTALL_PATH' => 'E:\\software\\VM\\'
    'windir' => 'C:\\WINDOWS'
    'HTTP_ACCEPT_LANGUAGE' => 'zh-CN,zh;q=0.9'
    'HTTP_ACCEPT_ENCODING' => 'gzip, deflate'
    'HTTP_ACCEPT' => 'text/html,application/xhtml+xml,application/xml;q=0.9,image/webp,image/apng,*/*;q=0.8'
    'HTTP_USER_AGENT' => 'Mozilla/5.0 (Windows NT 10.0; Win64; x64) AppleWebKit/537.36 (KHTML, like Gecko) Chrome/65.0.3325.162 Safari/537.36'
    'HTTP_UPGRADE_INSECURE_REQUESTS' => '1'
    'HTTP_CACHE_CONTROL' => 'no-cache'
    'HTTP_PRAGMA' => 'no-cache'
    'HTTP_CONNECTION' => 'keep-alive'
    'HTTP_HOST' => 'www.blog.com'
    'REDIRECT_STATUS' => '200'
    'SERVER_NAME' => 'www.blog.com'
    'SERVER_PORT' => '80'
    'SERVER_ADDR' => '127.0.0.1'
    'REMOTE_PORT' => '58172'
    'REMOTE_ADDR' => '127.0.0.1'
    'SERVER_SOFTWARE' => 'nginx/1.7.9'
    'GATEWAY_INTERFACE' => 'CGI/1.1'
    'SERVER_PROTOCOL' => 'HTTP/1.1'
    'DOCUMENT_ROOT' => 'E:\\project\\blog\\entrance\\www'
    'DOCUMENT_URI' => '/index.php'
    'REQUEST_URI' => '/'
    'SCRIPT_NAME' => '/index.php'
    'CONTENT_LENGTH' => ''
    'CONTENT_TYPE' => ''
    'REQUEST_METHOD' => 'GET'
    'QUERY_STRING' => ''
    'SCRIPT_FILENAME' => 'E:\\project\\blog\\entrance\\www/index.php'
    'FCGI_ROLE' => 'RESPONDER'
    'PHP_SELF' => '/index.php'
    'REQUEST_TIME_FLOAT' => 1521619858.94
    'REQUEST_TIME' => 1521619858
]
